-6.23236 -6.23687
-6.18697 -6.19171
-6.15629 -6.15302
-6.14101 -6.14299
-6.13617 -6.12
-6.08175 -6.08988
-6.06025 -6.06116
-6.0365 -6.03314
-6.02602 -6.01932
-6.01033 -6.00874
-6.00031 -5.9943
-5.98397 -5.98427
-5.97873 -5.97341
-5.96454 -5.96392
-5.96132 -5.95785
-5.95205 -5.94751
-5.93263 -5.93229
-5.92988 -5.92516
-5.91101 -5.91847
-5.89911 -5.90805
-5.89857 -5.8931
-5.87926 -5.88422
-5.86956 -5.87839
-5.87518 -5.87019
-5.88173 -5.85973
-5.84647 -5.84614
-5.83911 -5.83647
-5.82646 -5.82628
-5.82235 -5.82121
-5.80976 -5.8044
-5.78917 -5.79362
-5.78613 -5.781
-5.76645 -5.76951
-5.77024 -5.76059
-5.75192 -5.75345
-5.75735 -5.74752
-5.74997 -5.72914
-5.74179 -5.72021
-5.71005 -5.70952
-5.69948 -5.70318
-5.71536 -5.69136
-5.68105 -5.68546
-5.68223 -5.68017
-5.66868 -5.67147
-5.66508 -5.66064
-5.62171 -5.64519
-5.63572 -5.62361
-5.62513 -5.61237
-5.61728 -5.6058
-5.59276 -5.59826
-5.62863 -5.59531
-5.59226 -5.58832
-5.5751 -5.57221
-5.55852 -5.56123
-5.54842 -5.54942
-5.52157 -5.54231
-5.54052 -5.5406
-5.55204 -5.5357
-5.51846 -5.52964
-5.52163 -5.52459
-5.49843 -5.51418
-5.5017 -5.50903
-5.48069 -5.50374
-5.49249 -5.4999
-5.48513 -5.49487
-5.48131 -5.49067
-5.5153 -5.48759
-5.48105 -5.48557
-5.47969 -5.48394
-5.47294 -5.48138
-5.46981 -5.47924
-5.4699 -5.47551
-5.47855 -5.47101
-5.46798 -5.46769
-5.46443 -5.46537
-5.45541 -5.46349
-5.46373 -5.46192
-5.4616 -5.45995
-5.45602 -5.4585
-5.45333 -5.45682
-5.45464 -5.45528
-5.44298 -5.45244
-5.43328 -5.44962
-5.44168 -5.44792
-5.44767 -5.44564
-5.43101 -5.44323
-5.42565 -5.44187
-5.4222 -5.44021
-5.43585 -5.43902
-5.42807 -5.43744
-5.43497 -5.4359
-5.4248 -5.43493
-5.43552 -5.43321
-5.44083 -5.43193
-5.43673 -5.4304
-5.43124 -5.42911
-5.46472 -5.42791
-5.42182 -5.4269
-5.43171 -5.42618
-5.42921 -5.42578
-5.42 -5.42508
-5.42544 -5.42424
-5.42047 -5.42304
-5.41892 -5.4223
-5.40997 -5.4208
-5.41639 -5.41987
-5.42805 -5.41932
-5.42232 -5.4186
-5.42126 -5.41793
-5.42823 -5.4169
-5.41693 -5.41626
-5.41565 -5.41516
-5.41432 -5.4141
-5.41933 -5.4133
-5.42603 -5.4119
-5.40082 -5.41078
-5.40623 -5.40954
-5.40532 -5.40784
-5.4094 -5.40687
-5.41156 -5.40608
-5.3999 -5.40401
-5.39984 -5.40204
-5.40302 -5.40042
-5.37069 -5.39938
-5.39901 -5.3975
-5.39408 -5.39645
-5.37479 -5.39556
-5.39901 -5.39498
-5.39492 -5.39342
-5.39501 -5.39292
-5.39491 -5.39147
-5.38877 -5.3902
-5.30157 -5.38934
-5.35288 -5.38851
-5.39176 -5.38764
-5.38703 -5.38656
-5.39126 -5.38473
-5.38866 -5.38433
-5.38455 -5.38372
-5.37605 -5.38321
-5.39553 -5.38246
-5.38911 -5.38145
-5.38891 -5.38008
-5.35569 -5.37866
-5.36441 -5.37779
-5.3902 -5.37667
-5.39318 -5.37577
-5.38413 -5.37433
-5.38776 -5.37217
-5.38374 -5.37063
-5.36699 -5.36743
-5.32754 -5.36455
-5.35349 -5.36273
-5.36004 -5.3602
-5.36211 -5.35734
-5.35579 -5.35395
-5.35585 -5.35118
-5.35049 -5.34823
-5.3584 -5.34748
-5.33448 -5.3432
-5.34223 -5.34088
-5.33684 -5.33917
-5.34812 -5.33763
-5.34578 -5.33669
-5.31952 -5.33463
-5.33178 -5.33184
-5.27535 -5.32896
-5.32498 -5.32703
-5.32388 -5.32482
-5.32156 -5.32315
-5.31305 -5.31953
-5.32673 -5.31744
-5.29791 -5.31541
-5.30848 -5.31382
-5.32873 -5.31354
-5.31648 -5.31214
-5.32582 -5.31084
-5.31043 -5.31015
-5.30131 -5.30939
-5.30781 -5.30885
-5.30438 -5.30791
-5.30468 -5.30756
-5.30048 -5.30716
-5.31466 -5.30652
-5.29691 -5.30605
-5.2927 -5.30538
-5.30224 -5.30496
-5.29693 -5.30435
-5.29541 -5.30403
-5.3004 -5.30383
-5.29359 -5.30327
-5.29284 -5.3031
-5.29712 -5.30261
-5.297 -5.30226
-5.29671 -5.30203
-5.29741 -5.3016
-5.29937 -5.30112
-5.28351 -5.3007
-5.29012 -5.30055
-5.29065 -5.3004
-5.29791 -5.30025
-5.29987 -5.29989
-5.29524 -5.29965
-5.28928 -5.29931
-5.28772 -5.29906
-5.29563 -5.29883
-5.29369 -5.29859
-5.28233 -5.29808
-5.28758 -5.29779
-5.28935 -5.29762
-5.28914 -5.29726
-5.29637 -5.29683
-5.29755 -5.29641
-5.29088 -5.29607
-5.28636 -5.29572
-5.27865 -5.29521
-5.28907 -5.29498
-5.28925 -5.29475
-5.29131 -5.29428
-5.31582 -5.29366
-5.28183 -5.29302
-5.28436 -5.29263
-5.28998 -5.29212
-5.30287 -5.29142
-5.29028 -5.29063
-5.27846 -5.29012
-5.27009 -5.2894
-5.29374 -5.28803
-5.29562 -5.2873
-5.28007 -5.28634
-5.27967 -5.28534
-5.29558 -5.28506
-5.29526 -5.28436
-5.28857 -5.28354
-5.28535 -5.28261
-5.27555 -5.28192
-5.27815 -5.28089
-5.27291 -5.2802
-5.23828 -5.27944
-5.27446 -5.27865
-5.27834 -5.27706
-5.26756 -5.27653
-5.27376 -5.27605
-5.27357 -5.27513
-5.27261 -5.27366
-5.26695 -5.27238
-5.27684 -5.27121
-5.274 -5.2707
-5.2739 -5.26971
-5.26936 -5.26892
-5.2662 -5.26771
-5.27248 -5.26718
-5.27791 -5.26663
-5.26663 -5.26588
-5.26592 -5.26515
-5.26402 -5.26456
-5.26696 -5.26374
-5.26496 -5.26316
-5.26286 -5.2628
-5.27365 -5.26228
-5.25172 -5.26166
-5.2678 -5.26128
-5.2653 -5.26098
-5.25879 -5.26023
-5.25817 -5.25998
-5.26366 -5.25971
-5.23668 -5.2592
-5.2652 -5.25886
-5.26241 -5.25847
-5.24972 -5.258
-5.25809 -5.25772
-5.25652 -5.2574
-5.26024 -5.25714
-5.25124 -5.25696
-5.2533 -5.25664
-5.25334 -5.2563
-5.25209 -5.25582
-5.26729 -5.2555
-5.25421 -5.25525
-5.26025 -5.25493
-5.24534 -5.25457
-5.24734 -5.25425
-5.25506 -5.25407
-5.24435 -5.25381
-5.245 -5.25338
-5.24874 -5.25327
-5.24904 -5.25297
-5.25427 -5.25248
-5.24524 -5.2521
-5.24957 -5.25178
-5.24737 -5.2515
-5.24891 -5.25088
-5.23213 -5.25006
-5.25055 -5.2498
-5.266 -5.24953
-5.24422 -5.24908
-5.25618 -5.24903
-5.24999 -5.24841
-5.25689 -5.24776
-5.25057 -5.24694
-5.25204 -5.24649
-5.25426 -5.2461
-5.24612 -5.24554
-5.25103 -5.24502
-5.24939 -5.24445
-5.24359 -5.24399
-5.23575 -5.24328
-5.24293 -5.2425
-5.23852 -5.24239
-5.25067 -5.24199
-5.23588 -5.24119
-5.23325 -5.24083
-5.24641 -5.24043
-5.23316 -5.24002
-5.23967 -5.23967
-5.23218 -5.23931
-5.23104 -5.23876
-5.23253 -5.23832
-5.23776 -5.23761
-5.23561 -5.23684
-5.23701 -5.23624
-5.23166 -5.23566
-5.23794 -5.2352
-5.22562 -5.23417
-5.23603 -5.23392
-5.21656 -5.2331
-5.22013 -5.23251
-5.23204 -5.23186
-5.22236 -5.23119
-5.21073 -5.23074
-5.22649 -5.23051
-5.22281 -5.23003
-5.2278 -5.22961
-5.2268 -5.22937
-5.22094 -5.22882
-5.23358 -5.22863
-5.24984 -5.22808
-5.2372 -5.22765
-5.23171 -5.22737
-5.23032 -5.22707
-5.212 -5.22641
-5.22654 -5.2261
-5.23 -5.2257
-5.21218 -5.2253
-5.21946 -5.22502
-5.22877 -5.22451
-5.22534 -5.22434
-5.22014 -5.22389
-5.23902 -5.22317
-5.2306 -5.22276
-5.22347 -5.22225
-5.21947 -5.22162
-5.23269 -5.22114
-5.23779 -5.22055
-5.22803 -5.22003
-5.20845 -5.21956
-5.21674 -5.21907
-5.22961 -5.21848
-5.21641 -5.21764
-5.22163 -5.21695
-5.21231 -5.21653
-5.21233 -5.2159
-5.21231 -5.21542
-5.24616 -5.21495
-5.21817 -5.21453
-5.20412 -5.21422
-5.22802 -5.21355
-5.20969 -5.21291
-5.21188 -5.21237
-5.20842 -5.21184
-5.21655 -5.21166
-5.21065 -5.21123
-5.21469 -5.211
-5.20256 -5.2108
-5.20854 -5.21059
-5.20825 -5.21005
-5.19981 -5.20946
-5.21761 -5.20896
-5.21 -5.2083
-5.20441 -5.20698
-5.23006 -5.20667
-5.21694 -5.206
-5.20429 -5.20564
-5.20238 -5.20501
-5.21305 -5.20444
-5.20465 -5.20326
-5.19885 -5.20213
-5.20015 -5.20092
-5.20023 -5.19987
-5.20934 -5.19962
-5.19571 -5.19864
-5.19729 -5.19749
-5.19809 -5.19685
-5.19722 -5.19641
-5.19384 -5.19597
-5.1937 -5.19555
-5.18788 -5.19354
-5.19101 -5.19285
-5.19291 -5.19158
-5.18486 -5.1894
-5.19014 -5.18885
-5.18005 -5.18726
-5.18205 -5.18551
-5.18244 -5.18382
-5.18228 -5.18221
-5.1743 -5.17993
-5.19615 -5.1773
-5.17459 -5.17578
-5.17254 -5.17432
-5.18583 -5.17298
-5.17656 -5.17248
-5.17184 -5.17064
-5.1698 -5.1693
-5.17022 -5.16868
-5.16964 -5.16759
-5.16584 -5.16688
-5.16531 -5.16586
-5.16754 -5.16465
-5.17435 -5.16384
-5.16282 -5.16188
-5.15963 -5.16039
-5.15738 -5.15908
-5.15397 -5.15809
-5.16178 -5.15657
-5.15576 -5.15535
-5.16141 -5.15405
-5.14228 -5.15305
-5.15011 -5.15173
-5.14759 -5.15099
-5.15872 -5.15029
-5.16311 -5.14925
-5.15002 -5.14854
-5.16512 -5.14697
-5.1482 -5.14547
-5.15409 -5.14444
-5.15198 -5.14303
-5.14401 -5.14191
-5.1488 -5.14046
-5.14155 -5.13924
-5.1476 -5.13705
-5.12971 -5.13575
-5.13265 -5.13412
-5.1293 -5.13251
-5.12385 -5.1307
-5.12986 -5.1291
-5.12998 -5.12808
-5.10965 -5.12656
-5.12585 -5.12436
-5.12733 -5.12194
-5.10467 -5.11899
-5.12079 -5.11502
-5.11496 -5.11352
-5.12037 -5.10706
-5.09471 -5.10113
-5.09891 -5.08954
-5.09375 -5.08338
-5.09454 -5.07934
-5.07824 -5.07539
-5.11139 -5.072
-5.06934 -5.06903
-5.06438 -5.0661
-5.06483 -5.0631
-5.06148 -5.0614
-5.059 -5.05948
-5.06092 -5.05887
-5.06267 -5.05805
-5.05956 -5.05614
-5.08876 -5.04648
-5.01498 -5.0071
-4.95613 -4.94364
-4.87892 -4.92749
-4.86835 -4.90938
-4.87068 -4.89581
-4.86157 -4.87266
-4.866 -4.86701
-4.85371 -4.85913
-4.87884 -4.85188
-4.8413 -4.84643
-4.82992 -4.83568
-4.83158 -4.82957
-4.80612 -4.82596
-4.81357 -4.81774
-4.81347 -4.81375
-4.80291 -4.8083
-4.805 -4.80513
-4.76131 -4.80312
-4.78851 -4.79969
-4.79339 -4.7974
-4.7805 -4.79434
-4.78241 -4.79234
-4.79646 -4.7907
-4.79487 -4.78912
-4.78499 -4.78736
-4.78552 -4.78615
-4.78171 -4.7832
-4.77964 -4.78053
-4.76642 -4.77886
-4.77571 -4.77649
-4.77327 -4.77512
-4.78778 -4.77294
-4.76845 -4.77118
-4.76803 -4.76949
-4.76652 -4.76839
-4.76598 -4.76752
-4.76758 -4.7657
-4.75631 -4.76369
-4.75811 -4.76158
-4.7599 -4.76028
-4.75533 -4.75879
-4.7472 -4.75477
-4.75314 -4.75262
-4.7418 -4.75117
-4.75396 -4.74959
-4.74477 -4.74824
-4.73916 -4.74644
-4.75241 -4.74529
-4.75175 -4.74349
-4.73969 -4.74254
-4.75201 -4.74023
-4.73823 -4.73908
-4.73949 -4.73719
-4.73407 -4.73405
-4.72908 -4.73362
-4.73598 -4.73188
-4.73071 -4.73104
-4.72279 -4.7298
-4.73042 -4.72879
-4.72532 -4.72754
-4.72742 -4.72661
-4.72391 -4.72589
-4.72353 -4.72551
-4.71173 -4.72283
-4.71655 -4.72093
-4.71929 -4.71942
-4.71573 -4.71894
-4.71669 -4.71637
-4.71529 -4.71217
-4.72919 -4.71018
-4.70075 -4.70841
-4.70847 -4.70404
-4.6859 -4.70043
-4.69513 -4.69764
-4.69739 -4.69398
-4.69053 -4.68858
-4.69204 -4.68584
-4.68133 -4.68301
-4.68262 -4.68196
-4.6722 -4.68066
-4.68312 -4.67972
-4.67915 -4.67859
-4.68533 -4.67744
-4.67685 -4.67611
-4.67196 -4.67473
-4.68224 -4.6735
-4.67197 -4.67238
-4.66223 -4.67148
-4.66933 -4.67076
-4.681 -4.66923
-4.66154 -4.6676
-4.66006 -4.66597
-4.65602 -4.66027
-4.6632 -4.65839
-4.66421 -4.65663
-4.66006 -4.65414
-4.65214 -4.65106
-4.6533 -4.64947
-4.64547 -4.64587
-4.64595 -4.64373
-4.64585 -4.64145
-4.64183 -4.63921
-4.64112 -4.63818
-4.62237 -4.63525
-4.63612 -4.63259
-4.62842 -4.62487
-4.60521 -4.60679
-4.57226 -4.58532
-4.56841 -4.56641
-4.56579 -4.55986
-4.5549 -4.55585
-4.54586 -4.54686
-4.53348 -4.53602
-4.51578 -4.51919
-4.5055 -4.50137
-4.47488 -4.48329
-4.46012 -4.47886
-4.45478 -4.46403
-4.46616 -4.459
-4.43964 -4.45221
-4.42958 -4.44223
-4.41447 -4.43682
-4.42351 -4.43175
-4.41483 -4.41548
-4.39808 -4.39953
-4.38662 -4.38444
-4.37014 -4.37245
-4.37311 -4.35841
-4.32789 -4.3488
-4.34288 -4.33856
-4.33805 -4.32876
-4.31833 -4.318
-4.30749 -4.29266
-4.25969 -4.2488
-4.17622 -4.18735
-4.13319 -4.1314
-4.11794 -4.10333
-4.05193 -4.05233
-3.89613 -3.91016
-3.87883 -3.87592
-3.85128 -3.8676
-3.87414 -3.86072
-3.85516 -3.84669
-3.79104 -3.81499
-3.81637 -3.79993
-3.773 -3.7812
-3.76047 -3.76744
-3.75295 -3.74814
-3.71042 -3.70476
-3.69604 -3.68849
-3.65636 -3.6738
-3.60361 -3.63487
-3.5929 -3.57868
-3.57305 -3.55394
-3.50384 -3.52885
-3.50438 -3.51408
-3.48595 -3.49484
-3.4838 -3.46838
-3.43278 -3.45262
-3.46505 -3.43803
-3.43569 -3.42117
-3.36507 -3.37821
-3.34858 -3.3619
-3.31602 -3.32395
-3.17854 -3.15893
-3.10983 -3.11869
-3.03181 -3.03773
-3.01697 -2.99482
-2.92027 -2.91216
-2.86841 -2.85695
-2.46873 -2.49803
-2.3361 -2.33121
-2.21013 -2.20425
-2.1665 -2.17571
-2.08316 -2.09364
-2.02523 -2.03342
-1.99146 -2.00225
-1.9239 -1.91791
-1.8674 -1.86762
-1.69317 -1.70714
-1.64851 -1.65405
-1.57323 -1.56363
-1.48707 -1.48682
-1.44808 -1.45316
-1.41084 -1.42613
-1.40636 -1.40271
-1.36202 -1.37624
-1.36127 -1.3552
-1.35669 -1.34248
-1.31734 -1.32319
-1.3351 -1.3096
-1.28959 -1.29693
-1.29145 -1.28506
-1.27623 -1.27579
-1.25945 -1.25924
-1.248 -1.24845
-1.23278 -1.23667
-1.23808 -1.22879
-1.21451 -1.21579
-1.20252 -1.20315
-1.19567 -1.19174
-1.18098 -1.17976
-1.18249 -1.17565
-1.16545 -1.16593
-1.15945 -1.15612
-1.1506 -1.1464
-1.15014 -1.14358
-1.13873 -1.13638
-1.12457 -1.12144
-1.10899 -1.10557
-1.10756 -1.10209
-1.09015 -1.0976
-1.0805 -1.08405
-1.09291 -1.08092
-1.07064 -1.07064
-1.06046 -1.06319
-1.0507 -1.04887
-1.0441 -1.03853
-1.03972 -1.02917
-1.01463 -1.01555
-0.962277 -1.00804
-1.00389 -0.998552
-0.994948 -0.988833
-0.97939 -0.981245
-0.964253 -0.970108
-0.964932 -0.960677
-0.959207 -0.949667
-0.932106 -0.932276
-0.915154 -0.919179
-0.904524 -0.899325
-0.877974 -0.876839
-0.861857 -0.867588
-0.855353 -0.852016
-0.848241 -0.841802
-0.841562 -0.825247
-0.808505 -0.811982
-0.778743 -0.774846
-0.744685 -0.746739
-0.723254 -0.711372
-0.691209 -0.683711
-0.664202 -0.656642
-0.596144 -0.603621
-0.523078 -0.503416
-0.154789 -0.147306
-6.22596 -6.22763
-6.1778 -6.17681
-6.14813 -6.15278
-6.13928 -6.14261
-6.12099 -6.11637
-6.0802 -6.08041
-6.06116 -6.05873
-6.02408 -6.02989
-6.0177 -6.01826
-5.97785 -6.00635
-5.99437 -5.99287
-5.98874 -5.98409
-5.96208 -5.97076
-5.96394 -5.96346
-5.95866 -5.95706
-5.94175 -5.94338
-5.89679 -5.93182
-5.92217 -5.92509
-5.90402 -5.91727
-5.90697 -5.90173
-5.884 -5.89177
-5.8817 -5.88227
-5.874 -5.87531
-5.88878 -5.86971
-5.85516 -5.85815
-5.83799 -5.84508
-5.82683 -5.83469
-5.826 -5.82503
-5.8161 -5.817
-5.81208 -5.80286
-5.78509 -5.79106
-5.7755 -5.77806
-5.77137 -5.76915
-5.76293 -5.75923
-5.75257 -5.75304
-5.74622 -5.74445
-5.73195 -5.72676
-5.69857 -5.71641
-5.70314 -5.70928
-5.70297 -5.70017
-5.69725 -5.6911
-5.67986 -5.68413
-5.69236 -5.67647
-5.67449 -5.67138
-5.67171 -5.66036
-5.65765 -5.63786
-5.59041 -5.62328
-5.62362 -5.61232
-5.60545 -5.60411
-5.60378 -5.59762
-5.59702 -5.59348
-5.59089 -5.58826
-5.55994 -5.56936
-5.56865 -5.56082
-5.53594 -5.5488
-5.51845 -5.54149
-5.54405 -5.53878
-5.52633 -5.53553
-5.52663 -5.52813
-5.52605 -5.52447
-5.51114 -5.51402
-5.50298 -5.50802
-5.49938 -5.50365
-5.50994 -5.49949
-5.4896 -5.49458
-5.48135 -5.49066
-5.47808 -5.48701
-5.4759 -5.48482
-5.47908 -5.48391
-5.47407 -5.48115
-5.4679 -5.47803
-5.47153 -5.47474
-5.46584 -5.47064
-5.4765 -5.46736
-5.46129 -5.46502
-5.45859 -5.46333
-5.46541 -5.46187
-5.47099 -5.45984
-5.45939 -5.45831
-5.4565 -5.45629
-5.45486 -5.45517
-5.44438 -5.45199
-5.44866 -5.44946
-5.44601 -5.44777
-5.44535 -5.44537
-5.42253 -5.44308
-5.43778 -5.44185
-5.43783 -5.44002
-5.43363 -5.43902
-5.43289 -5.43742
-5.43562 -5.43582
-5.43314 -5.43488
-5.42811 -5.43315
-5.42948 -5.43127
-5.44536 -5.43036
-5.4187 -5.42895
-5.42316 -5.42773
-5.42394 -5.42683
-5.44091 -5.42617
-5.43839 -5.42574
-5.42015 -5.42504
-5.42668 -5.42416
-5.41308 -5.42294
-5.42492 -5.42229
-5.42439 -5.42036
-5.41137 -5.41961
-5.41831 -5.41932
-5.42203 -5.41859
-5.41559 -5.41789
-5.42762 -5.41678
-5.41934 -5.41611
-5.4228 -5.41515
-5.42385 -5.41407
-5.40364 -5.41311
-5.40333 -5.41163
-5.42527 -5.41061
-5.41349 -5.40933
-5.40167 -5.40775
-5.41198 -5.40671
-5.39917 -5.40555
-5.40693 -5.40338
-5.39724 -5.402
-5.41188 -5.40018
-5.39343 -5.39913
-5.39526 -5.39731
-5.40549 -5.39626
-5.39969 -5.39548
-5.39577 -5.39445
-5.39649 -5.3934
-5.3931 -5.39281
-5.38902 -5.39141
-5.36697 -5.39013
-5.39277 -5.38933
-5.38976 -5.38847
-5.38984 -5.38756
-5.39004 -5.38622
-5.39129 -5.38473
-5.39118 -5.38413
-5.38352 -5.38364
-5.33323 -5.38303
-5.38449 -5.38237
-5.38073 -5.38114
-5.38822 -5.3799
-5.38769 -5.37862
-5.37761 -5.37771
-5.3865 -5.37655
-5.3767 -5.37533
-5.37932 -5.37395
-5.38215 -5.37185
-5.37122 -5.37049
-5.37408 -5.36678
-5.36 -5.3642
-5.3568 -5.3619
-5.3375 -5.35995
-5.35449 -5.35583
-5.36093 -5.35341
-5.34573 -5.35037
-5.3437 -5.34803
-5.34306 -5.34678
-5.35978 -5.34252
-5.33282 -5.34044
-5.34517 -5.33905
-5.35126 -5.33757
-5.33945 -5.33633
-5.3156 -5.33352
-5.31948 -5.33174
-5.34254 -5.3287
-5.33814 -5.32696
-5.34339 -5.32465
-5.30785 -5.32308
-5.32868 -5.31904
-5.31726 -5.31691
-5.30757 -5.31509
-5.32786 -5.3138
-5.31035 -5.31306
-5.31446 -5.31191
-5.32696 -5.31061
-5.31572 -5.31011
-5.29649 -5.30938
-5.30248 -5.30883
-5.29622 -5.30786
-5.30028 -5.30753
-5.29071 -5.30708
-5.29885 -5.30646
-5.28663 -5.30605
-5.3031 -5.30527
-5.30909 -5.30487
-5.32465 -5.30434
-5.29881 -5.30399
-5.30012 -5.30376
-5.29565 -5.30326
-5.29455 -5.30297
-5.2975 -5.30259
-5.29147 -5.30225
-5.31157 -5.30196
-5.30042 -5.30147
-5.31084 -5.30095
-5.29362 -5.30068
-5.29594 -5.30055
-5.29386 -5.3004
-5.28787 -5.30018
-5.29072 -5.29983
-5.29862 -5.29959
-5.28408 -5.29928
-5.29824 -5.29903
-5.29305 -5.29882
-5.30146 -5.29855
-5.29601 -5.29801
-5.29223 -5.29776
-5.29032 -5.29761
-5.28689 -5.29719
-5.29047 -5.29656
-5.28218 -5.29638
-5.28469 -5.29604
-5.2942 -5.29564
-5.28392 -5.2952
-5.29191 -5.2949
-5.28768 -5.29468
-5.27461 -5.29417
-5.27737 -5.29353
-5.28715 -5.29295
-5.28214 -5.29246
-5.28669 -5.29211
-5.28192 -5.29109
-5.28707 -5.29061
-5.30797 -5.28996
-5.31039 -5.28936
-5.28669 -5.2878
-5.28771 -5.2871
-5.31912 -5.28631
-5.27386 -5.2853
-5.27707 -5.28505
-5.29009 -5.28425
-5.27583 -5.28326
-5.27145 -5.28238
-5.28661 -5.2818
-5.28125 -5.28082
-5.27349 -5.28014
-5.27335 -5.27933
-5.27688 -5.27811
-5.29327 -5.27705
-5.27257 -5.27646
-5.27118 -5.27589
-5.28354 -5.27471
-5.27486 -5.27338
-5.27572 -5.27173
-5.25402 -5.27119
-5.27816 -5.2707
-5.27877 -5.26957
-5.26761 -5.26881
-5.25759 -5.26771
-5.27312 -5.2671
-5.25641 -5.26634
-5.25924 -5.26588
-5.26705 -5.26502
-5.262 -5.26451
-5.26048 -5.26368
-5.26028 -5.26313
-5.26546 -5.26267
-5.2644 -5.26213
-5.25398 -5.26154
-5.26755 -5.26123
-5.26885 -5.26096
-5.26651 -5.26018
-5.25705 -5.25997
-5.26742 -5.25964
-5.25677 -5.2592
-5.26702 -5.25884
-5.26603 -5.25844
-5.25748 -5.25795
-5.25704 -5.2577
-5.25651 -5.25739
-5.25124 -5.25709
-5.25271 -5.25692
-5.25114 -5.25657
-5.24933 -5.25615
-5.26054 -5.25577
-5.25177 -5.2555
-5.25034 -5.25525
-5.25078 -5.25478
-5.25231 -5.25455
-5.24935 -5.25423
-5.25031 -5.25398
-5.24682 -5.25366
-5.25162 -5.25334
-5.24863 -5.25325
-5.25112 -5.25295
-5.24715 -5.25247
-5.2449 -5.25209
-5.24925 -5.25177
-5.25351 -5.25144
-5.25226 -5.25084
-5.25389 -5.25004
-5.23672 -5.24977
-5.2653 -5.24952
-5.24394 -5.24906
-5.25945 -5.249
-5.24823 -5.24832
-5.23896 -5.24774
-5.25262 -5.24694
-5.24483 -5.24648
-5.24339 -5.24597
-5.24703 -5.24553
-5.23736 -5.24497
-5.25175 -5.24441
-5.2352 -5.24396
-5.25112 -5.24326
-5.23427 -5.24248
-5.24398 -5.24238
-5.25067 -5.24199
-5.24779 -5.24103
-5.25063 -5.24073
-5.23536 -5.24042
-5.23175 -5.24001
-5.24125 -5.23966
-5.24258 -5.23921
-5.21395 -5.23872
-5.23789 -5.23826
-5.24629 -5.23739
-5.24474 -5.23683
-5.23675 -5.23604
-5.22861 -5.23559
-5.22966 -5.23513
-5.22292 -5.23414
-5.22743 -5.2339
-5.23453 -5.23308
-5.23933 -5.2325
-5.22097 -5.23173
-5.21993 -5.23118
-5.22557 -5.23071
-5.22506 -5.2304
-5.21853 -5.22996
-5.2294 -5.2296
-5.22365 -5.22935
-5.22889 -5.22879
-5.2311 -5.22858
-5.21989 -5.22808
-5.21847 -5.22763
-5.22632 -5.22732
-5.22171 -5.22704
-5.23644 -5.22639
-5.21655 -5.22608
-5.21451 -5.22568
-5.22761 -5.22523
-5.28906 -5.22492
-5.22349 -5.22451
-5.22489 -5.2243
-5.22012 -5.22365
-5.22141 -5.22309
-5.22191 -5.22274
-5.21201 -5.22202
-5.21958 -5.22149
-5.22045 -5.22103
-5.22024 -5.22041
-5.21944 -5.21998
-5.21103 -5.21956
-5.24498 -5.21901
-5.21825 -5.21846
-5.21548 -5.21747
-5.24162 -5.21693
-5.21862 -5.21642
-5.22342 -5.21582
-5.21875 -5.21541
-5.21855 -5.21488
-5.21532 -5.21451
-5.20695 -5.21411
-5.21425 -5.21354
-5.21404 -5.21288
-5.21173 -5.21227
-5.22064 -5.21179
-5.21017 -5.21162
-5.20935 -5.21121
-5.20933 -5.21097
-5.20995 -5.21076
-5.21163 -5.21056
-5.20458 -5.21002
-5.20273 -5.20939
-5.20957 -5.20869
-5.20457 -5.20826
-5.20797 -5.20694
-5.23076 -5.20652
-5.20895 -5.20599
-5.19622 -5.20564
-5.22049 -5.20494
-5.20618 -5.20419
-5.21176 -5.20293
-5.20127 -5.2021
-5.20351 -5.20037
-5.2155 -5.19979
-5.20107 -5.19916
-5.20045 -5.19847
-5.19631 -5.19748
-5.1992 -5.19682
-5.19902 -5.19635
-5.19882 -5.19594
-5.19704 -5.19503
-5.1981 -5.19348
-5.19567 -5.19269
-5.18905 -5.19156
-5.18929 -5.18931
-5.18235 -5.18815
-5.18666 -5.18722
-5.19292 -5.18527
-5.17734 -5.1838
-5.17847 -5.18183
-5.17775 -5.17983
-5.17497 -5.17684
-5.1913 -5.1757
-5.18813 -5.17431
-5.15995 -5.17284
-5.17269 -5.17245
-5.173 -5.17026
-5.16975 -5.16918
-5.17631 -5.16843
-5.17673 -5.16758
-5.16389 -5.16676
-5.16278 -5.16568
-5.17278 -5.16462
-5.15132 -5.16337
-5.17108 -5.1618
-5.15954 -5.16037
-5.16096 -5.15874
-5.16403 -5.15762
-5.15973 -5.15641
-5.16357 -5.15529
-5.15437 -5.15396
-5.16424 -5.1529
-5.15256 -5.15143
-5.15571 -5.15079
-5.15781 -5.14991
-5.15804 -5.14917
-5.15518 -5.1485
-5.14783 -5.1468
-5.14758 -5.14541
-5.14871 -5.14438
-5.15221 -5.14295
-5.14386 -5.14166
-5.14922 -5.14041
-5.14377 -5.13914
-5.1514 -5.13704
-5.14656 -5.13574
-5.14065 -5.13407
-5.13321 -5.1324
-5.11639 -5.13064
-5.1599 -5.12906
-5.13821 -5.12769
-5.12323 -5.12652
-5.12447 -5.12418
-5.1211 -5.12184
-5.1154 -5.11853
-5.10747 -5.11491
-5.12992 -5.11298
-5.12469 -5.10646
-5.11725 -5.10084
-5.10556 -5.08802
-5.08518 -5.08274
-5.07776 -5.07827
-5.07685 -5.07496
-5.07408 -5.07179
-5.06744 -5.06903
-5.06553 -5.06594
-5.06626 -5.06257
-5.06016 -5.06131
-5.05886 -5.05946
-5.05412 -5.05884
-5.10945 -5.05749
-5.05762 -5.05193
-5.04763 -5.04564
-5.01635 -5.00384
-4.8382 -4.94156
-4.86983 -4.9261
-4.87823 -4.90872
-4.86388 -4.89226
-4.86473 -4.87243
-4.86443 -4.86449
-4.86032 -4.85861
-4.85164 -4.8509
-4.84397 -4.8464
-4.82475 -4.83559
-4.84057 -4.82954
-4.78953 -4.82374
-4.81149 -4.8171
-4.80445 -4.81236
-4.78891 -4.80792
-4.79807 -4.80511
-4.79567 -4.80281
-4.80683 -4.79933
-4.7998 -4.79651
-4.79063 -4.79393
-4.79323 -4.79212
-4.79068 -4.79056
-4.79348 -4.78883
-4.78335 -4.78722
-4.79252 -4.78464
-4.78155 -4.78313
-4.78375 -4.78038
-4.77846 -4.77866
-4.77406 -4.77623
-4.76491 -4.77478
-4.77057 -4.77248
-4.76542 -4.77118
-4.76718 -4.76944
-4.76583 -4.76824
-4.76798 -4.76752
-4.76342 -4.76557
-4.76235 -4.76342
-4.75551 -4.76132
-4.75337 -4.76006
-4.76611 -4.75758
-4.75188 -4.75465
-4.75032 -4.7526
-4.755 -4.75083
-4.73822 -4.74955
-4.74213 -4.74789
-4.74603 -4.74633
-4.73352 -4.74527
-4.74001 -4.74323
-4.74324 -4.74244
-4.72812 -4.7398
-4.74664 -4.73898
-4.73685 -4.73574
-4.73558 -4.73405
-4.73147 -4.73321
-4.73224 -4.73181
-4.73156 -4.73077
-4.72821 -4.72962
-4.72801 -4.72856
-4.71909 -4.72748
-4.72468 -4.72661
-4.72671 -4.72589
-4.72802 -4.72526
-4.72175 -4.72275
-4.71264 -4.72063
-4.7203 -4.71942
-4.72151 -4.71824
-4.71269 -4.7163
-4.71929 -4.71201
-4.70986 -4.70928
-4.70166 -4.70772
-4.69909 -4.70349
-4.70248 -4.70007
-4.70299 -4.69755
-4.7 -4.69356
-4.69907 -4.68809
-4.68688 -4.68565
-4.68234 -4.68285
-4.67745 -4.68126
-4.68408 -4.68055
-4.68515 -4.67958
-4.6793 -4.67859
-4.6814 -4.67742
-4.6812 -4.67586
-4.67466 -4.6742
-4.67378 -4.67341
-4.67449 -4.67228
-4.67557 -4.67146
-4.67004 -4.67055
-4.67646 -4.66896
-4.67162 -4.66751
-4.65529 -4.6654
-4.66584 -4.66025
-4.66175 -4.65821
-4.66203 -4.6563
-4.65194 -4.65345
-4.65415 -4.6508
-4.6564 -4.64941
-4.6471 -4.64561
-4.64736 -4.64311
-4.6402 -4.64056
-4.64326 -4.63904
-4.63307 -4.63771
-4.63124 -4.63511
-4.63517 -4.63131
-4.61864 -4.61948
-4.59696 -4.60466
-4.5973 -4.58505
-4.56782 -4.56566
-4.55971 -4.55861
-4.54321 -4.5525
-4.55557 -4.54663
-4.53664 -4.53528
-4.518 -4.51632
-4.51672 -4.50119
-4.47222 -4.48303
-4.47605 -4.47788
-4.46156 -4.46387
-4.44732 -4.45896
-4.45024 -4.44966
-4.44101 -4.44218
-4.44003 -4.43673
-4.43464 -4.43076
-4.42365 -4.41534
-4.39715 -4.39883
-4.35057 -4.37983
-4.36982 -4.37007
-4.35745 -4.35608
-4.35678 -4.34754
-4.34261 -4.33765
-4.3335 -4.32815
-4.31406 -4.31739
-4.25214 -4.28208
-4.24088 -4.24045
-4.21808 -4.1841
-4.13864 -4.12994
-4.09892 -4.08342
-4.02972 -4.04008
-3.90506 -3.89497
-3.86273 -3.87393
-3.88 -3.86703
-3.85475 -3.85951
-3.84955 -3.84552
-3.82405 -3.81219
-3.80338 -3.79551
-3.79295 -3.78051
-3.76779 -3.76307
-3.73859 -3.73434
-3.69167 -3.70161
-3.69221 -3.68832
-3.67261 -3.67186
-3.63677 -3.63416
-3.56305 -3.57466
-3.56071 -3.54674
-3.55246 -3.52545
-3.5207 -3.51164
-3.45328 -3.48415
-3.44174 -3.46237
-3.44184 -3.44923
-3.46266 -3.43644
-3.39899 -3.4133
-3.37451 -3.37454
-3.37255 -3.35658
-3.34056 -3.32022
-3.15203 -3.15756
-3.10667 -3.11129
-3.02586 -3.02538
-3.00753 -2.98419
-2.89356 -2.90302
-2.84858 -2.84427
-2.41665 -2.47598
-2.29487 -2.30668
-2.22282 -2.19904
-2.17673 -2.16888
-2.09298 -2.09271
-2.02711 -2.02623
-1.99176 -1.99751
-1.91495 -1.91153
-1.84907 -1.84285
-1.70649 -1.70006
-1.65786 -1.65389
-1.56543 -1.56204
-1.48107 -1.47304
-1.45677 -1.4514
-1.4265 -1.42567
-1.39586 -1.38849
-1.37897 -1.37356
-1.36128 -1.3548
-1.36279 -1.34164
-1.31816 -1.32219
-1.30707 -1.30758
-1.28739 -1.29625
-1.30597 -1.28348
-1.26095 -1.27154
-1.25484 -1.25641
-1.25314 -1.24715
-1.2307 -1.23561
-1.21029 -1.22632
-1.22026 -1.21531
-1.20351 -1.20218
-1.19282 -1.18924
-1.17919 -1.17946
-1.17976 -1.174
-1.15752 -1.16526
-1.15708 -1.15359
-1.15033 -1.14637
-1.14897 -1.14161
-1.13974 -1.13481
-1.12121 -1.12114
-1.0994 -1.10537
-1.09888 -1.10164
-1.10168 -1.09597
-1.08322 -1.08377
-1.07864 -1.07949
-1.07672 -1.07056
-1.06052 -1.0631
-1.05465 -1.04779
-1.04051 -1.03498
-1.02832 -1.02545
-1.01188 -1.01498
-1.0106 -1.0064
-1.01734 -0.997654
-0.980586 -0.986757
-0.986347 -0.980357
-0.969182 -0.967962
-0.966369 -0.959215
-0.945988 -0.949164
-0.920218 -0.932208
-0.919933 -0.918192
-0.9109 -0.895462
-0.891702 -0.876352
-0.892136 -0.866858
-0.850181 -0.851108
-0.786443 -0.834848
-0.831962 -0.820944
-0.811167 -0.808873
-0.765805 -0.767715
-0.745389 -0.743458
-0.697394 -0.707057
-0.691186 -0.680828
-0.648016 -0.655594
-0.607028 -0.596623
-0.465974 -0.476581
-0.0683708 -0.0631095
-6.21768 -6.2196
-6.16488 -6.16792
-6.13981 -6.15181
-6.10541 -6.14161
-6.10511 -6.10689
-6.08238 -6.08032
-6.05419 -6.05453
-6.03537 -6.02735
-6.01829 -6.01707
-5.99943 -6.00526
-5.97823 -5.99153
-5.97221 -5.98204
-5.96666 -5.97072
-5.954 -5.96292
-5.95369 -5.95677
-5.92321 -5.94158
-5.93011 -5.93055
-5.9282 -5.92477
-5.92062 -5.91674
-5.89458 -5.9012
-5.89961 -5.88953
-5.88445 -5.88146
-5.86736 -5.8752
-5.8771 -5.86648
-5.8532 -5.85149
-5.84471 -5.84493
-5.82042 -5.83407
-5.82381 -5.82485
-5.83874 -5.81618
-5.81253 -5.79968
-5.77995 -5.78803
-5.78139 -5.77653
-5.78533 -5.76854
-5.77008 -5.75908
-5.75053 -5.75269
-5.75011 -5.74102
-5.73914 -5.72636
-5.71717 -5.716
-5.72234 -5.70819
-5.67831 -5.69819
-5.69268 -5.69087
-5.67936 -5.68379
-5.6657 -5.67583
-5.67496 -5.67074
-5.65265 -5.65921
-5.62854 -5.63558
-5.61083 -5.61934
-5.61154 -5.61034
-5.6147 -5.60342
-5.60195 -5.59737
-5.58866 -5.59163
-5.59182 -5.58811
-5.58011 -5.56919
-5.55634 -5.56068
-5.52555 -5.54688
-5.5323 -5.5413
-5.52198 -5.53856
-5.53014 -5.53506
-5.52856 -5.5275
-5.50895 -5.51919
-5.51305 -5.51224
-5.50159 -5.50772
-5.49859 -5.5025
-5.50497 -5.49878
-5.52243 -5.49445
-5.49083 -5.4906
-5.48461 -5.48689
-5.48007 -5.48445
-5.47927 -5.48256
-5.47321 -5.48052
-5.46773 -5.47694
-5.47299 -5.47423
-5.46139 -5.46955
-5.46413 -5.4672
-5.46578 -5.46472
-5.46752 -5.46311
-5.46508 -5.46165
-5.45862 -5.45969
-5.45805 -5.45803
-5.46224 -5.45625
-5.46019 -5.45497
-5.43989 -5.45158
-5.44028 -5.44875
-5.43902 -5.4475
-5.44891 -5.44525
-5.46227 -5.44302
-5.45126 -5.44168
-5.42503 -5.43986
-5.43074 -5.43866
-5.42288 -5.43724
-5.44203 -5.43578
-5.45021 -5.43472
-5.42185 -5.43314
-5.42399 -5.43127
-5.4298 -5.43014
-5.42694 -5.4287
-5.42622 -5.42768
-5.42497 -5.42675
-5.43239 -5.4261
-5.42853 -5.42563
-5.41527 -5.42475
-5.43595 -5.42379
-5.41566 -5.42281
-5.42085 -5.42227
-5.41887 -5.42034
-5.41844 -5.4196
-5.41915 -5.41931
-5.41266 -5.41835
-5.40712 -5.41765
-5.4163 -5.41678
-5.41446 -5.41605
-5.41494 -5.41512
-5.42626 -5.41401
-5.41896 -5.41261
-5.39972 -5.41137
-5.41789 -5.41058
-5.4259 -5.40932
-5.40459 -5.40754
-5.40908 -5.40662
-5.41365 -5.40526
-5.41151 -5.40316
-5.40648 -5.4017
-5.40225 -5.40015
-5.41174 -5.39903
-5.39225 -5.39705
-5.40971 -5.39619
-5.41496 -5.39545
-5.3827 -5.39431
-5.39556 -5.39332
-5.40654 -5.39254
-5.38926 -5.39104
-5.34471 -5.39004
-5.39034 -5.38927
-5.35663 -5.38833
-5.38764 -5.38755
-5.3884 -5.38619
-5.39669 -5.3847
-5.33893 -5.38399
-5.38909 -5.38364
-5.38675 -5.38298
-5.38112 -5.38217
-5.38853 -5.38087
-5.38994 -5.37903
-5.38793 -5.37842
-5.38429 -5.37757
-5.3805 -5.37654
-5.38348 -5.37525
-5.37088 -5.37359
-5.33864 -5.37149
-5.37656 -5.37036
-5.37261 -5.36622
-5.36749 -5.36419
-5.36169 -5.36166
-5.36526 -5.35964
-5.34735 -5.35551
-5.34671 -5.3532
-5.34221 -5.35013
-5.33061 -5.34777
-5.3569 -5.34656
-5.37269 -5.34244
-5.33716 -5.34026
-5.36589 -5.33899
-5.34636 -5.3375
-5.33162 -5.33564
-5.3328 -5.33348
-5.32293 -5.33145
-5.28572 -5.32863
-5.33658 -5.32626
-5.29453 -5.32401
-5.32258 -5.32204
-5.3317 -5.31824
-5.30554 -5.31677
-5.30486 -5.31477
-5.31127 -5.31379
-5.32384 -5.31305
-5.31138 -5.3118
-5.30527 -5.31059
-5.2948 -5.30977
-5.29939 -5.30935
-5.30646 -5.30849
-5.30259 -5.30778
-5.30021 -5.30742
-5.32357 -5.30699
-5.2992 -5.3064
-5.30265 -5.30603
-5.29235 -5.30526
-5.29533 -5.30473
-5.2945 -5.30428
-5.29866 -5.30399
-5.29432 -5.30359
-5.30109 -5.30325
-5.29253 -5.30288
-5.29577 -5.30253
-5.30335 -5.30221
-5.29333 -5.30187
-5.29826 -5.30141
-5.29323 -5.30089
-5.30343 -5.30066
-5.29189 -5.30053
-5.30052 -5.30036
-5.29559 -5.30014
-5.29427 -5.29983
-5.29028 -5.29958
-5.2981 -5.29925
-5.29218 -5.29901
-5.28791 -5.2988
-5.29372 -5.29842
-5.28603 -5.29798
-5.29135 -5.29775
-5.28273 -5.29754
-5.29156 -5.29716
-5.29052 -5.29652
-5.28693 -5.29632
-5.2915 -5.296
-5.28177 -5.29561
-5.29309 -5.29516
-5.2793 -5.29485
-5.28707 -5.29463
-5.3154 -5.29404
-5.29275 -5.29351
-5.28941 -5.29294
-5.27318 -5.29239
-5.28706 -5.2921
-5.29123 -5.29091
-5.29197 -5.29047
-5.28298 -5.28991
-5.28859 -5.28929
-5.29054 -5.28771
-5.30042 -5.28703
-5.27051 -5.28614
-5.28294 -5.28529
-5.27633 -5.28502
-5.27895 -5.28422
-5.28338 -5.28312
-5.27909 -5.28224
-5.27978 -5.28164
-5.27253 -5.28079
-5.27937 -5.28007
-5.27266 -5.27912
-5.27771 -5.27784
-5.28978 -5.27694
-5.27035 -5.27641
-5.27814 -5.27566
-5.27533 -5.27471
-5.27438 -5.27305
-5.27629 -5.27148
-5.27436 -5.27111
-5.26821 -5.27052
-5.27093 -5.26939
-5.2703 -5.26835
-5.26197 -5.26763
-5.27686 -5.267
-5.26254 -5.26612
-5.26665 -5.26552
-5.27151 -5.265
-5.25693 -5.2645
-5.26317 -5.26364
-5.25982 -5.26313
-5.26622 -5.26265
-5.25909 -5.26213
-5.26295 -5.26154
-5.25558 -5.26118
-5.25167 -5.26092
-5.26968 -5.2601
-5.25131 -5.25983
-5.26652 -5.25953
-5.2485 -5.2591
-5.25778 -5.25877
-5.25751 -5.2584
-5.25023 -5.25795
-5.2616 -5.25769
-5.25249 -5.25735
-5.24442 -5.25706
-5.25133 -5.25674
-5.25469 -5.25656
-5.24715 -5.25613
-5.25311 -5.25575
-5.251 -5.25548
-5.24764 -5.25513
-5.24928 -5.25477
-5.26252 -5.2544
-5.26036 -5.25423
-5.26533 -5.2539
-5.25358 -5.25366
-5.25085 -5.25334
-5.24992 -5.25314
-5.24818 -5.25285
-5.25439 -5.25238
-5.25153 -5.25205
-5.26169 -5.25171
-5.25124 -5.25134
-5.25769 -5.25078
-5.25389 -5.25004
-5.24644 -5.24976
-5.258 -5.24948
-5.23986 -5.24905
-5.26054 -5.24886
-5.23884 -5.2483
-5.24636 -5.24746
-5.27426 -5.24688
-5.25407 -5.24628
-5.24479 -5.2458
-5.25028 -5.24549
-5.25233 -5.24494
-5.2488 -5.24425
-5.24415 -5.24396
-5.23307 -5.24291
-5.23632 -5.24248
-5.23541 -5.24235
-5.2381 -5.24193
-5.24255 -5.241
-5.25237 -5.24063
-5.2429 -5.2404
-5.24035 -5.24
-5.24073 -5.23953
-5.24316 -5.23916
-5.22864 -5.23867
-5.23825 -5.23808
-5.24177 -5.23738
-5.24773 -5.23663
-5.23818 -5.23595
-5.23067 -5.23546
-5.2392 -5.23513
-5.23052 -5.23402
-5.23225 -5.2336
-5.21984 -5.23292
-5.25068 -5.2324
-5.22036 -5.23173
-5.23433 -5.23102
-5.22597 -5.23064
-5.235 -5.23023
-5.22252 -5.22995
-5.22723 -5.22958
-5.22355 -5.2292
-5.21491 -5.22877
-5.23896 -5.22853
-5.22213 -5.22805
-5.23184 -5.22761
-5.22541 -5.22729
-5.22005 -5.22699
-5.21582 -5.22633
-5.22198 -5.22606
-5.21782 -5.22561
-5.22908 -5.22523
-5.22767 -5.22479
-5.22127 -5.22451
-5.21699 -5.2242
-5.23116 -5.2236
-5.22244 -5.22305
-5.21395 -5.22241
-5.22143 -5.22194
-5.21235 -5.22142
-5.21281 -5.22084
-5.21605 -5.22035
-5.20698 -5.21986
-5.23937 -5.21939
-5.21854 -5.21899
-5.21552 -5.21807
-5.21837 -5.21737
-5.20841 -5.21688
-5.2186 -5.21639
-5.23655 -5.21581
-5.22492 -5.2154
-5.21131 -5.21474
-5.21485 -5.2145
-5.21461 -5.21404
-5.23674 -5.21353
-5.20883 -5.21275
-5.20934 -5.21218
-5.22373 -5.21175
-5.2109 -5.2114
-5.25874 -5.21114
-5.20399 -5.21095
-5.21043 -5.21074
-5.22062 -5.21042
-5.20734 -5.20991
-5.20315 -5.20932
-5.2102 -5.20861
-5.20791 -5.2082
-5.2061 -5.20691
-5.20533 -5.20649
-5.21221 -5.20596
-5.20012 -5.20548
-5.19845 -5.20492
-5.20415 -5.20411
-5.19759 -5.20284
-5.20699 -5.20205
-5.2023 -5.20032
-5.20118 -5.19976
-5.2004 -5.19904
-5.19936 -5.1984
-5.19639 -5.19746
-5.19835 -5.19677
-5.20312 -5.19624
-5.19708 -5.19579
-5.20006 -5.19482
-5.21312 -5.19345
-5.19083 -5.1925
-5.18287 -5.19127
-5.19439 -5.18907
-5.21342 -5.18807
-5.19742 -5.18712
-5.17956 -5.18514
-5.17681 -5.18375
-5.19862 -5.18158
-5.17453 -5.17951
-5.177 -5.17627
-5.17438 -5.17567
-5.18587 -5.17429
-5.17911 -5.17281
-5.17816 -5.17241
-5.17263 -5.16986
-5.1717 -5.1691
-5.17768 -5.16839
-5.16668 -5.16744
-5.17056 -5.16676
-5.15147 -5.16539
-5.16776 -5.1646
-5.16917 -5.16327
-5.17271 -5.16144
-5.17329 -5.16027
-5.15111 -5.1586
-5.17 -5.15758
-5.14345 -5.15601
-5.17955 -5.15521
-5.16864 -5.15389
-5.144 -5.15276
-5.14774 -5.1514
-5.13962 -5.15075
-5.15705 -5.14977
-5.14894 -5.14914
-5.15827 -5.14838
-5.16133 -5.14678
-5.14585 -5.14496
-5.1341 -5.14423
-5.1523 -5.14271
-5.15249 -5.14164
-5.12376 -5.1403
-5.13845 -5.13899
-5.13839 -5.13681
-5.12963 -5.13511
-5.14715 -5.13319
-5.12806 -5.13157
-5.1422 -5.13063
-5.12181 -5.12893
-5.1206 -5.12741
-5.12336 -5.12633
-5.13404 -5.12389
-5.12969 -5.12181
-5.11828 -5.11806
-5.11246 -5.11461
-5.11466 -5.11173
-5.14827 -5.10614
-5.10149 -5.1
-5.10466 -5.08763
-5.08282 -5.08248
-5.0876 -5.07747
-5.07344 -5.07482
-5.07545 -5.07106
-5.06858 -5.06886
-5.06653 -5.06553
-5.06426 -5.06255
-5.06335 -5.06075
-5.06105 -5.05945
-5.09568 -5.05883
-5.05758 -5.05662
-5.06489 -5.05149
-5.04703 -5.04405
-4.99497 -4.9989
-4.9387 -4.94096
-4.93254 -4.92348
-4.855 -4.90318
-4.85646 -4.88631
-4.86167 -4.8719
-4.86684 -4.86332
-4.85581 -4.85611
-4.85127 -4.85088
-4.8587 -4.84271
-4.82673 -4.8333
-4.82808 -4.8295
-4.82211 -4.82373
-4.81249 -4.81636
-4.80878 -4.81206
-4.80629 -4.80777
-4.80111 -4.80469
-4.79499 -4.80261
-4.80168 -4.7991
-4.79354 -4.79633
-4.78232 -4.79318
-4.78195 -4.79201
-4.79049 -4.79025
-4.78739 -4.78854
-4.79337 -4.78658
-4.78395 -4.78393
-4.78062 -4.78274
-4.77865 -4.78
-4.75668 -4.77844
-4.76942 -4.77591
-4.77274 -4.77364
-4.77089 -4.77191
-4.78528 -4.77107
-4.76752 -4.76942
-4.76976 -4.76809
-4.78084 -4.76746
-4.75743 -4.76453
-4.75731 -4.76333
-4.75961 -4.76082
-4.75823 -4.75959
-4.75845 -4.75655
-4.73909 -4.75438
-4.7515 -4.75239
-4.75093 -4.75066
-4.74878 -4.74944
-4.74631 -4.74788
-4.74534 -4.74622
-4.74055 -4.74473
-4.72879 -4.74304
-4.73492 -4.74141
-4.73446 -4.73942
-4.73918 -4.73895
-4.73099 -4.73555
-4.7342 -4.73392
-4.73144 -4.73308
-4.72809 -4.73177
-4.72859 -4.73077
-4.73257 -4.72951
-4.72314 -4.7284
-4.7232 -4.72726
-4.724 -4.72643
-4.72142 -4.72585
-4.72011 -4.72505
-4.72142 -4.72274
-4.70733 -4.72055
-4.71532 -4.71929
-4.71563 -4.71774
-4.71766 -4.71605
-4.70602 -4.71191
-4.71233 -4.70916
-4.7162 -4.70689
-4.70552 -4.70258
-4.7024 -4.69968
-4.69384 -4.69749
-4.69651 -4.69329
-4.68108 -4.68726
-4.69317 -4.68558
-4.68421 -4.6826
-4.68916 -4.68125
-4.67839 -4.68048
-4.68553 -4.67932
-4.67919 -4.67853
-4.68438 -4.67725
-4.6751 -4.6757
-4.68121 -4.67414
-4.66874 -4.67339
-4.67842 -4.67216
-4.67126 -4.67144
-4.66951 -4.67012
-4.66939 -4.66833
-4.67144 -4.66747
-4.66662 -4.66492
-4.66799 -4.65991
-4.66192 -4.65791
-4.66439 -4.65621
-4.65302 -4.65319
-4.64363 -4.65062
-4.65589 -4.64941
-4.64881 -4.64543
-4.63534 -4.6425
-4.64116 -4.64049
-4.64298 -4.63904
-4.63137 -4.63753
-4.63438 -4.63501
-4.6236 -4.63103
-4.62047 -4.61909
-4.60739 -4.59906
-4.58316 -4.58111
-4.54006 -4.56536
-4.56246 -4.55786
-4.55339 -4.55199
-4.53544 -4.54569
-4.52676 -4.52785
-4.50471 -4.51286
-4.47184 -4.50058
-4.46818 -4.48157
-4.47701 -4.47667
-4.44777 -4.46178
-4.45881 -4.45866
-4.44034 -4.44797
-4.44314 -4.44213
-4.4507 -4.43602
-4.42796 -4.43046
-4.39536 -4.40838
-4.38936 -4.39574
-4.39686 -4.37728
-4.37835 -4.36867
-4.33787 -4.35506
-4.31906 -4.34575
-4.34469 -4.33658
-4.34055 -4.32779
-4.30188 -4.30625
-4.27111 -4.26624
-4.22111 -4.22116
-4.1526 -4.18173
-4.14962 -4.12931
-4.08375 -4.07581
-4.0293 -4.024
-3.89649 -3.8937
-3.87769 -3.87232
-3.84215 -3.86626
-3.85863 -3.85839
-3.84109 -3.84322
-3.80694 -3.80927
-3.79342 -3.79204
-3.77671 -3.77591
-3.77192 -3.76235
-3.72974 -3.73177
-3.69287 -3.69977
-3.69723 -3.68686
-3.67963 -3.66581
-3.58485 -3.59887
-3.55461 -3.57411
-3.55872 -3.54614
-3.52356 -3.52471
-3.53892 -3.51079
-3.48795 -3.47928
-3.47582 -3.46
-3.41658 -3.44785
-3.43854 -3.43627
-3.40669 -3.41278
-3.36105 -3.37313
-3.39222 -3.35414
-3.3446 -3.31406
-3.14526 -3.15276
-3.11797 -3.10861
-3.02266 -3.01636
-2.96635 -2.96693
-2.90156 -2.89886
-2.86955 -2.84112
-2.42079 -2.41206
-2.27312 -2.29573
-2.18032 -2.18983
-2.18202 -2.14703
-2.07024 -2.07397
-2.00628 -2.02152
-1.96967 -1.98272
-1.88683 -1.90056
-1.81817 -1.84056
-1.69668 -1.69709
-1.64922 -1.64641
-1.56273 -1.55646
-1.47493 -1.47037
-1.45082 -1.45055
-1.42448 -1.42149
-1.3912 -1.38827
-1.37062 -1.37007
-1.35538 -1.35445
-1.32607 -1.32942
-1.31877 -1.32182
-1.30817 -1.30244
-1.29005 -1.29117
-1.27923 -1.28185
-1.28836 -1.26861
-1.25269 -1.25484
-1.24785 -1.24672
-1.24354 -1.23505
-1.23009 -1.22613
-1.21715 -1.21329
-1.20576 -1.2018
-1.18838 -1.18897
-1.17897 -1.17896
-1.17342 -1.17384
-1.16581 -1.16255
-1.15535 -1.15339
-1.14511 -1.14559
-1.13779 -1.14048
-1.11961 -1.13322
-1.11988 -1.11895
-1.10982 -1.10493
-1.10811 -1.10119
-1.09554 -1.09583
-1.09458 -1.08359
-1.07047 -1.07879
-1.07246 -1.06965
-1.05277 -1.05973
-1.0378 -1.04554
-1.04107 -1.03463
-1.02117 -1.02238
-1.02172 -1.01458
-0.948473 -1.00432
-0.999715 -0.997633
-0.980867 -0.986267
-0.985217 -0.979456
-0.963457 -0.964731
-0.963497 -0.958733
-0.960982 -0.947631
-0.931051 -0.931359
-0.90779 -0.911008
-0.894371 -0.893813
-0.872629 -0.874141
-0.859444 -0.864449
-0.854585 -0.849943
-0.831583 -0.834619
-0.810241 -0.820456
-0.807416 -0.799168
-0.766021 -0.767672
-0.737617 -0.731385
-0.767183 -0.700954
-0.685693 -0.680541
-0.725525 -0.655296
-0.589343 -0.576151
-0.418638 -0.401023
0.445933 0.460589
-6.20093 -6.20362
-6.15787 -6.16654
-6.14458 -6.14664
-6.12691 -6.13674
-6.1099 -6.10644
-6.07328 -6.07513
-6.05143 -6.05421
-6.02602 -6.02582
-6.00411 -6.01678
-6.00319 -6.00472
-5.98094 -5.99077
-5.97541 -5.9792
-5.9733 -5.96681
-5.95579 -5.96263
-5.95848 -5.95538
-5.94463 -5.94125
-5.93426 -5.92876
-5.93522 -5.92363
-5.92204 -5.91494
-5.92322 -5.89866
-5.89266 -5.88876
-5.87976 -5.88033
-5.87461 -5.87443
-5.86269 -5.86591
-5.84715 -5.85136
-5.85861 -5.8448
-5.82756 -5.83154
-5.82081 -5.82283
-5.81835 -5.81499
-5.79454 -5.79944
-5.78201 -5.78764
-5.77113 -5.77508
-5.77639 -5.76756
-5.75382 -5.75876
-5.75079 -5.75211
-5.75041 -5.73718
-5.72672 -5.7251
-5.72329 -5.71545
-5.7082 -5.70818
-5.68823 -5.69665
-5.68713 -5.6895
-5.67863 -5.68294
-5.67772 -5.67509
-5.65629 -5.66818
-5.6652 -5.65734
-5.65369 -5.633
-5.62048 -5.61638
-5.60858 -5.61018
-5.59909 -5.60313
-5.61144 -5.59671
-5.5605 -5.59052
-5.59027 -5.58675
-5.58005 -5.56887
-5.52722 -5.55545
-5.52689 -5.54501
-5.52844 -5.54124
-5.52572 -5.53812
-5.5202 -5.53494
-5.51514 -5.52741
-5.53033 -5.51845
-5.49616 -5.51218
-5.49713 -5.50754
-5.4939 -5.50209
-5.48283 -5.4977
-5.48128 -5.49337
-5.48107 -5.48855
-5.47891 -5.48659
-5.47515 -5.48443
-5.47743 -5.48242
-5.47247 -5.48016
-5.46773 -5.47662
-5.46578 -5.47385
-5.46936 -5.46931
-5.46052 -5.46663
-5.46267 -5.46466
-5.45716 -5.46294
-5.46696 -5.46135
-5.4566 -5.45935
-5.45362 -5.45775
-5.46363 -5.45611
-5.45138 -5.45419
-5.44597 -5.45088
-5.44814 -5.44863
-5.44077 -5.44746
-5.42961 -5.44523
-5.46563 -5.44272
-5.42965 -5.4415
-5.42838 -5.43975
-5.44053 -5.43831
-5.42512 -5.43717
-5.43808 -5.43566
-5.43544 -5.43416
-5.41922 -5.43306
-5.43095 -5.43112
-5.42799 -5.42966
-5.4289 -5.42861
-5.42918 -5.42721
-5.41685 -5.42665
-5.42351 -5.42599
-5.42053 -5.42536
-5.42549 -5.42463
-5.42052 -5.42333
-5.42832 -5.42278
-5.41712 -5.42226
-5.4101 -5.42026
-5.41626 -5.41946
-5.40953 -5.41926
-5.40817 -5.41833
-5.41817 -5.41737
-5.40828 -5.41651
-5.39997 -5.41599
-5.41777 -5.41495
-5.41925 -5.41378
-5.41723 -5.41249
-5.41009 -5.41136
-5.41503 -5.41053
-5.4106 -5.40913
-5.42497 -5.40741
-5.41386 -5.40637
-5.39441 -5.40496
-5.41111 -5.40292
-5.41353 -5.40108
-5.40493 -5.3999
-5.40045 -5.39863
-5.39916 -5.397
-5.39738 -5.39606
-5.41335 -5.39531
-5.39281 -5.39388
-5.39459 -5.39331
-5.3675 -5.39236
-5.40638 -5.39095
-5.39 -5.38981
-5.38199 -5.38919
-5.39147 -5.38831
-5.34133 -5.38743
-5.38937 -5.386
-5.39314 -5.38455
-5.37641 -5.38387
-5.39198 -5.3834
-5.39613 -5.38291
-5.38083 -5.38187
-5.38315 -5.38064
-5.38657 -5.37894
-5.37234 -5.37814
-5.35907 -5.37754
-5.38541 -5.37642
-5.37411 -5.37524
-5.38557 -5.37307
-5.37814 -5.37135
-5.37009 -5.36994
-5.379 -5.36566
-5.36682 -5.36399
-5.35612 -5.36159
-5.34233 -5.35945
-5.32432 -5.35532
-5.35326 -5.35282
-5.35278 -5.34896
-5.355 -5.34776
-5.34237 -5.34562
-5.34888 -5.34239
-5.33975 -5.34007
-5.33354 -5.33854
-5.35438 -5.33733
-5.33403 -5.33535
-5.34353 -5.33335
-5.33056 -5.33143
-5.3341 -5.32845
-5.33281 -5.3261
-5.32428 -5.32394
-5.31721 -5.32165
-5.33429 -5.31815
-5.32184 -5.31669
-5.31156 -5.31472
-5.30763 -5.31368
-5.30825 -5.31304
-5.31674 -5.31136
-5.29517 -5.31053
-5.30322 -5.30962
-5.32696 -5.30931
-5.30663 -5.30837
-5.29345 -5.30774
-5.29724 -5.30737
-5.30135 -5.30696
-5.28566 -5.30626
-5.29281 -5.30595
-5.29823 -5.30519
-5.29953 -5.30473
-5.30243 -5.30418
-5.27305 -5.30398
-5.29907 -5.30346
-5.26919 -5.30324
-5.32178 -5.30287
-5.29763 -5.3025
-5.2953 -5.30221
-5.29441 -5.30186
-5.2967 -5.30135
-5.29482 -5.30086
-5.29223 -5.30062
-5.28643 -5.30046
-5.29202 -5.30032
-5.28944 -5.30011
-5.29513 -5.29982
-5.29772 -5.29954
-5.29422 -5.29918
-5.29095 -5.29897
-5.29312 -5.2987
-5.29229 -5.2984
-5.29184 -5.29792
-5.28092 -5.29774
-5.28998 -5.29753
-5.29626 -5.29704
-5.28655 -5.29651
-5.29464 -5.2963
-5.28978 -5.29596
-5.28759 -5.2956
-5.29293 -5.29514
-5.29007 -5.2948
-5.2883 -5.29462
-5.29341 -5.29401
-5.27464 -5.29348
-5.30924 -5.29289
-5.27003 -5.29235
-5.29152 -5.29182
-5.28201 -5.29088
-5.27199 -5.29042
-5.28536 -5.28986
-5.29122 -5.28927
-5.26879 -5.28769
-5.31281 -5.28696
-5.28371 -5.2859
-5.29272 -5.28514
-5.27683 -5.28501
-5.2862 -5.28419
-5.28282 -5.28297
-5.28079 -5.28221
-5.27707 -5.28149
-5.27549 -5.28069
-5.27421 -5.28005
-5.26704 -5.2791
-5.27476 -5.27776
-5.26411 -5.27678
-5.27485 -5.27628
-5.26821 -5.27553
-5.27501 -5.27423
-5.27568 -5.27285
-5.27466 -5.27145
-5.24728 -5.27101
-5.27431 -5.2704
-5.26104 -5.26933
-5.26623 -5.26815
-5.27307 -5.26749
-5.25707 -5.26698
-5.26587 -5.266
-5.26243 -5.26546
-5.25767 -5.26499
-5.25511 -5.26443
-5.25901 -5.26362
-5.28106 -5.26311
-5.26465 -5.26264
-5.27027 -5.26207
-5.25257 -5.26154
-5.25897 -5.26114
-5.25446 -5.26082
-5.2626 -5.26008
-5.23491 -5.25982
-5.25596 -5.25945
-5.26089 -5.25909
-5.2527 -5.25875
-5.25281 -5.25833
-5.25874 -5.25781
-5.25582 -5.25764
-5.25709 -5.25735
-5.25176 -5.25705
-5.25409 -5.25673
-5.26996 -5.25647
-5.25298 -5.25607
-5.25249 -5.25566
-5.26403 -5.25543
-5.25086 -5.2551
-5.24314 -5.25471
-5.25078 -5.25437
-5.24939 -5.25417
-5.26066 -5.25388
-5.25799 -5.25365
-5.27548 -5.2533
-5.24963 -5.25314
-5.2499 -5.25261
-5.25104 -5.2523
-5.25107 -5.25203
-5.24701 -5.2517
-5.24239 -5.25119
-5.24828 -5.25074
-5.25062 -5.24999
-5.25239 -5.24972
-5.2494 -5.24945
-5.25224 -5.24905
-5.2477 -5.24884
-5.24063 -5.2481
-5.24941 -5.24744
-5.25045 -5.24652
-5.25006 -5.24626
-5.25065 -5.2458
-5.25279 -5.24544
-5.23977 -5.2449
-5.2488 -5.24425
-5.24249 -5.24394
-5.24089 -5.24272
-5.25208 -5.24245
-5.26353 -5.24222
-5.25014 -5.24166
-5.23109 -5.24097
-5.23777 -5.24057
-5.23858 -5.24039
-5.23499 -5.23999
-5.2419 -5.23953
-5.23726 -5.23913
-5.24258 -5.23861
-5.23715 -5.2379
-5.23971 -5.23735
-5.22482 -5.23646
-5.23714 -5.23592
-5.23466 -5.2353
-5.22876 -5.23488
-5.22626 -5.23401
-5.23526 -5.23349
-5.22569 -5.23285
-5.2331 -5.2324
-5.22241 -5.23152
-5.24101 -5.23094
-5.22714 -5.23062
-5.23176 -5.2302
-5.22597 -5.22992
-5.21207 -5.22958
-5.23055 -5.22914
-5.22355 -5.22873
-5.22773 -5.22842
-5.22979 -5.22804
-5.22 -5.2276
-5.22072 -5.22719
-5.22836 -5.22693
-5.22975 -5.22626
-5.23674 -5.22596
-5.22842 -5.22557
-5.22881 -5.22519
-5.22179 -5.22475
-5.23066 -5.2245
-5.22039 -5.22415
-5.22085 -5.22333
-5.22482 -5.22303
-5.21673 -5.22239
-5.22952 -5.22183
-5.22068 -5.22136
-5.21551 -5.22061
-5.22703 -5.22026
-5.24974 -5.21982
-5.21091 -5.21936
-5.21898 -5.21869
-5.21338 -5.218
-5.22983 -5.21731
-5.2195 -5.21688
-5.21073 -5.21609
-5.21753 -5.21577
-5.21 -5.21522
-5.22349 -5.21468
-5.20995 -5.21444
-5.21151 -5.21379
-5.2124 -5.21333
-5.21542 -5.21274
-5.21725 -5.21212
-5.21362 -5.21173
-5.21348 -5.21139
-5.22173 -5.21113
-5.21148 -5.2109
-5.20937 -5.21072
-5.21019 -5.21033
-5.20299 -5.20986
-5.20797 -5.20931
-5.21297 -5.20861
-5.20274 -5.20798
-5.20545 -5.20686
-5.20848 -5.20647
-5.20544 -5.20595
-5.22326 -5.20533
-5.19888 -5.20464
-5.19747 -5.20384
-5.20547 -5.20282
-5.19606 -5.20198
-5.20281 -5.20031
-5.19925 -5.19975
-5.20241 -5.199
-5.19358 -5.19835
-5.20344 -5.1974
-5.19904 -5.19665
-5.19003 -5.19622
-5.19389 -5.19575
-5.19332 -5.19428
-5.18657 -5.19334
-5.1939 -5.19238
-5.19022 -5.19115
-5.18364 -5.18893
-5.18616 -5.18798
-5.17179 -5.18623
-5.17985 -5.18467
-5.17724 -5.18346
-5.18152 -5.18133
-5.19231 -5.17839
-5.16934 -5.17624
-5.17008 -5.17556
-5.17132 -5.1739
-5.17392 -5.17277
-5.1798 -5.1718
-5.16722 -5.16955
-5.16766 -5.16904
-5.17375 -5.16835
-5.17179 -5.16736
-5.16862 -5.16666
-5.17662 -5.16532
-5.1689 -5.16421
-5.16137 -5.16254
-5.16093 -5.1614
-5.16253 -5.16018
-5.16283 -5.15857
-5.16666 -5.15723
-5.1535 -5.15601
-5.1453 -5.15516
-5.16214 -5.15357
-5.15433 -5.1526
-5.15512 -5.15114
-5.15101 -5.15074
-5.14874 -5.14959
-5.14992 -5.14857
-5.15368 -5.14797
-5.19567 -5.14668
-5.13688 -5.1448
-5.14608 -5.14356
-5.14795 -5.14231
-5.14649 -5.14153
-5.13967 -5.13997
-5.15211 -5.13829
-5.13186 -5.13665
-5.13544 -5.13486
-5.14564 -5.13317
-5.14728 -5.13134
-5.13276 -5.13001
-5.12676 -5.1288
-5.12693 -5.12739
-5.13603 -5.12549
-5.11309 -5.12382
-5.12264 -5.121
-5.11804 -5.11749
-5.11736 -5.11395
-5.12827 -5.11076
-5.11994 -5.1058
-5.12388 -5.09975
-5.09346 -5.08521
-5.08272 -5.08199
-5.07942 -5.07718
-5.085 -5.07408
-5.08227 -5.07069
-5.07052 -5.0688
-5.06339 -5.06547
-5.07274 -5.06254
-5.06099 -5.06061
-5.06077 -5.0594
-5.09915 -5.05866
-5.05584 -5.05647
-5.05209 -5.05087
-5.04177 -5.04031
-5.00061 -4.99356
-4.83994 -4.93693
-4.83367 -4.92103
-4.87875 -4.90305
-4.87703 -4.8836
-4.80403 -4.87139
-4.8641 -4.86318
-4.84641 -4.85606
-4.81834 -4.84919
-4.84096 -4.84259
-4.81904 -4.83316
-4.82142 -4.82911
-4.82074 -4.82228
-4.81323 -4.81577
-4.78887 -4.81059
-4.80424 -4.80635
-4.80346 -4.80443
-4.79738 -4.80255
-4.79573 -4.79897
-4.7735 -4.79587
-4.79184 -4.79307
-4.78351 -4.79191
-4.77815 -4.79006
-4.78547 -4.7883
-4.78402 -4.78657
-4.77646 -4.7838
-4.78597 -4.78201
-4.77737 -4.77967
-4.78377 -4.77792
-4.76937 -4.77577
-4.78015 -4.77351
-4.77072 -4.77174
-4.7735 -4.77081
-4.76932 -4.76936
-4.76648 -4.76772
-4.75844 -4.76731
-4.76606 -4.76423
-4.76292 -4.76305
-4.75247 -4.76079
-4.75905 -4.75951
-4.75516 -4.75614
-4.75431 -4.75357
-4.74621 -4.75196
-4.74198 -4.75042
-4.74814 -4.7491
-4.74932 -4.74775
-4.7408 -4.74612
-4.74404 -4.74471
-4.74004 -4.74289
-4.74169 -4.74138
-4.74222 -4.73941
-4.73544 -4.73867
-4.73434 -4.73487
-4.73028 -4.73392
-4.73067 -4.73283
-4.73198 -4.73176
-4.72548 -4.73068
-4.72438 -4.72933
-4.72691 -4.72833
-4.72022 -4.72692
-4.72806 -4.72635
-4.72166 -4.72574
-4.7204 -4.72502
-4.72152 -4.72268
-4.72006 -4.72033
-4.73215 -4.71919
-4.71469 -4.71766
-4.71901 -4.71581
-4.71379 -4.71177
-4.70813 -4.70888
-4.71647 -4.7061
-4.69728 -4.70238
-4.70554 -4.69951
-4.68396 -4.69746
-4.69063 -4.69257
-4.67832 -4.68679
-4.67952 -4.68527
-4.68274 -4.68253
-4.68704 -4.6812
-4.67602 -4.68047
-4.68644 -4.67931
-4.68051 -4.6784
-4.67625 -4.67652
-4.68496 -4.67544
-4.66935 -4.67405
-4.67105 -4.67313
-4.67701 -4.67212
-4.67157 -4.67138
-4.67145 -4.67004
-4.67061 -4.66832
-4.67175 -4.66729
-4.66046 -4.66443
-4.66041 -4.65982
-4.66471 -4.65752
-4.6509 -4.65617
-4.65825 -4.65239
-4.65408 -4.65039
-4.65198 -4.64874
-4.63851 -4.64536
-4.64755 -4.64229
-4.63426 -4.64043
-4.64416 -4.63896
-4.64091 -4.6363
-4.62713 -4.6344
-4.63429 -4.63098
-4.60265 -4.61837
-4.5982 -4.59843
-4.57167 -4.57545
-4.56692 -4.56488
-4.55752 -4.55758
-4.55079 -4.55147
-4.52937 -4.54339
-4.5241 -4.52586
-4.51107 -4.51242
-4.49636 -4.49875
-4.48424 -4.4815
-4.45929 -4.47513
-4.44319 -4.46177
-4.48315 -4.45846
-4.44235 -4.44778
-4.4377 -4.44145
-4.42694 -4.43544
-4.41534 -4.42128
-4.39875 -4.40801
-4.4034 -4.39567
-4.37134 -4.37562
-4.33976 -4.3674
-4.32047 -4.35238
-4.35016 -4.34416
-4.31556 -4.33621
-4.30402 -4.3256
-4.3101 -4.30507
-4.24369 -4.25946
-4.21104 -4.21553
-4.17989 -4.18097
-4.11549 -4.11783
-4.08731 -4.06861
-4.00938 -4.01184
-3.8962 -3.88505
-3.87464 -3.87096
-3.87963 -3.86457
-3.83901 -3.85679
-3.85498 -3.83786
-3.82817 -3.80864
-3.80053 -3.78941
-3.7555 -3.77329
-3.74555 -3.76183
-3.76062 -3.72316
-3.70059 -3.69709
-3.68498 -3.68654
-3.65142 -3.66082
-3.59867 -3.59772
-3.57074 -3.57326
-3.5385 -3.53217
-3.54425 -3.52422
-3.49041 -3.50909
-3.52249 -3.47762
-3.46714 -3.45996
-3.41902 -3.4474
-3.41177 -3.43376
-3.44972 -3.40032
-3.36717 -3.37031
-3.38071 -3.34838
-3.31931 -3.30437
-3.14936 -3.15119
-3.11661 -3.10481
-3.02259 -3.01425
-2.95657 -2.95413
-2.8775 -2.87645
-2.571 -2.60433
-2.43455 -2.39604
-2.26926 -2.28088
-2.18112 -2.1898
-2.16973 -2.14539
-2.04869 -2.06817
-2.04236 -2.01981
-1.95197 -1.95263
-1.89709 -1.89396
-1.83953 -1.83909
-1.67604 -1.69651
-1.63272 -1.62034
-1.55101 -1.5337
-1.46849 -1.46755
-1.43964 -1.44776
-1.4182 -1.41517
-1.37037 -1.37978
-1.3646 -1.36601
-1.35129 -1.34963
-1.32445 -1.32523
-1.31778 -1.31622
-1.3022 -1.30075
-1.28503 -1.28889
-1.28461 -1.28182
-1.26041 -1.26609
-1.2536 -1.25386
-1.24438 -1.24615
-1.23274 -1.23241
-1.26316 -1.22333
-1.21233 -1.21268
-1.19901 -1.19695
-1.18992 -1.18837
-1.17146 -1.17759
-1.17606 -1.1717
-1.16196 -1.162
-1.14985 -1.15316
-1.14284 -1.14548
-1.14426 -1.13904
-1.12483 -1.1284
-1.11938 -1.11892
-1.11106 -1.10483
-1.11149 -1.10071
-1.10456 -1.09527
-1.0894 -1.08261
-1.07209 -1.0755
-1.07365 -1.06898
-1.05515 -1.0593
-1.03903 -1.04418
-1.04792 -1.03415
-1.02179 -1.02028
-1.02158 -1.0118
-1.00131 -1.00229
-0.974657 -0.995257
-0.950072 -0.983148
-0.988167 -0.979451
-0.966126 -0.964332
-0.95795 -0.958056
-0.957066 -0.940618
-0.92365 -0.92639
-0.919643 -0.909843
-0.895039 -0.893119
-0.865011 -0.870889
-0.858968 -0.861263
-0.859021 -0.848221
-0.831497 -0.832848
-0.811308 -0.813227
-0.789122 -0.798406
-0.762906 -0.764835
-0.724564 -0.72526
-0.708067 -0.699854
-0.685924 -0.676291
-0.643661 -0.640259
-0.55996 -0.561146
-0.349646 -0.341441
-6.20306 -6.20165
-6.16421 -6.16161
-6.1371 -6.14621
-6.12814 -6.13276
-6.11948 -6.10633
-6.06834 -6.0705
-6.05282 -6.04899
-6.01662 -6.02462
-6.00899 -6.01492
-5.99615 -6.00269
-5.99463 -5.98971
-5.97474 -5.97879
-5.96512 -5.96585
-5.9545 -5.96182
-5.95734 -5.9525
-5.94497 -5.93969
-5.93307 -5.92859
-5.91764 -5.92304
-5.90944 -5.91129
-5.90344 -5.89763
-5.88575 -5.88763
-5.88032 -5.87953
-5.87621 -5.87394
-5.86797 -5.86541
-5.85858 -5.85084
-5.84286 -5.83974
-5.83034 -5.82789
-5.82377 -5.82278
-5.81751 -5.8108
-5.80001 -5.79784
-5.79506 -5.78678
-5.78421 -5.77261
-5.7645 -5.766
-5.75985 -5.75639
-5.75958 -5.75153
-5.73548 -5.73266
-5.74079 -5.72441
-5.71259 -5.71442
-5.71049 -5.706
-5.68739 -5.69442
-5.68627 -5.6891
-5.68543 -5.68189
-5.6748 -5.67474
-5.67327 -5.66499
-5.64607 -5.65395
-5.64488 -5.63221
-5.63081 -5.61635
-5.60967 -5.61007
-5.59213 -5.60104
-5.5979 -5.59607
-5.5828 -5.59025
-5.56452 -5.58154
-5.56474 -5.56576
-5.54729 -5.55545
-5.53484 -5.54375
-5.55075 -5.54107
-5.52862 -5.53725
-5.52775 -5.53269
-5.52904 -5.52691
-5.51092 -5.5182
-5.51074 -5.51055
-5.49085 -5.50623
-5.51489 -5.50006
-5.50679 -5.49704
-5.48169 -5.49268
-5.47282 -5.48845
-5.48512 -5.48656
-5.46034 -5.4844
-5.47101 -5.4821
-5.47401 -5.47981
-5.4641 -5.47649
-5.48529 -5.47202
-5.46742 -5.46885
-5.46492 -5.46631
-5.47038 -5.46454
-5.46633 -5.46255
-5.45214 -5.46107
-5.45718 -5.45923
-5.46274 -5.45703
-5.45325 -5.45602
-5.45316 -5.45389
-5.45144 -5.45064
-5.44481 -5.4484
-5.44149 -5.44722
-5.42962 -5.44487
-5.44917 -5.44269
-5.44173 -5.44135
-5.42684 -5.43955
-5.44615 -5.4382
-5.44199 -5.43696
-5.44067 -5.43565
-5.42155 -5.4341
-5.41534 -5.43298
-5.4314 -5.43094
-5.44478 -5.42934
-5.43288 -5.4285
-5.4209 -5.4272
-5.43383 -5.42645
-5.41998 -5.42588
-5.41582 -5.42521
-5.41725 -5.42438
-5.41577 -5.42329
-5.41907 -5.42267
-5.4261 -5.42226
-5.41983 -5.42017
-5.41761 -5.41938
-5.41338 -5.41897
-5.42077 -5.41827
-5.40766 -5.41728
-5.41689 -5.41633
-5.41547 -5.41573
-5.42058 -5.41492
-5.4056 -5.41375
-5.41254 -5.41233
-5.41839 -5.41115
-5.41692 -5.41046
-5.40527 -5.40894
-5.39624 -5.40738
-5.41102 -5.40634
-5.40933 -5.40459
-5.42044 -5.40244
-5.40554 -5.40096
-5.39854 -5.3999
-5.39764 -5.39811
-5.40792 -5.39684
-5.39758 -5.39596
-5.39633 -5.39517
-5.39295 -5.39375
-5.39086 -5.39319
-5.39235 -5.39217
-5.39616 -5.39094
-5.39608 -5.3896
-5.38394 -5.3891
-5.39357 -5.38803
-5.40224 -5.38742
-5.39985 -5.38556
-5.34927 -5.3845
-5.38775 -5.38386
-5.38412 -5.3834
-5.39382 -5.38268
-5.38526 -5.38185
-5.38778 -5.38063
-5.38626 -5.37892
-5.38604 -5.37808
-5.38016 -5.37745
-5.37827 -5.37638
-5.38653 -5.37496
-5.37749 -5.37305
-5.37786 -5.37133
-5.38119 -5.36884
-5.36788 -5.36547
-5.33297 -5.36384
-5.33577 -5.36058
-5.3632 -5.35913
-5.35528 -5.35461
-5.35926 -5.35281
-5.35463 -5.34876
-5.35321 -5.34761
-5.36131 -5.34499
-5.3525 -5.34157
-5.34136 -5.34001
-5.33529 -5.3385
-5.3511 -5.33722
-5.33956 -5.33523
-5.35093 -5.33321
-5.27995 -5.3312
-5.28031 -5.32778
-5.326 -5.326
-5.33247 -5.32373
-5.27637 -5.32103
-5.31656 -5.31814
-5.32142 -5.31669
-5.32194 -5.31438
-5.30467 -5.31364
-5.31276 -5.31276
-5.30517 -5.31125
-5.30595 -5.31048
-5.28941 -5.3096
-5.29607 -5.30915
-5.30198 -5.30833
-5.30096 -5.30772
-5.29811 -5.30736
-5.2981 -5.30695
-5.29967 -5.30619
-5.30768 -5.30588
-5.29612 -5.30516
-5.2982 -5.30467
-5.2965 -5.30411
-5.29495 -5.30397
-5.29738 -5.30346
-5.29842 -5.30324
-5.29397 -5.30275
-5.29681 -5.30246
-5.30019 -5.30214
-5.29989 -5.30177
-5.29097 -5.3013
-5.29448 -5.30085
-5.29902 -5.30062
-5.29684 -5.30046
-5.28654 -5.30029
-5.29514 -5.30008
-5.30698 -5.29975
-5.30197 -5.29937
-5.29602 -5.29918
-5.28795 -5.29891
-5.28629 -5.2987
-5.29245 -5.29839
-5.28417 -5.29791
-5.29259 -5.29768
-5.28948 -5.2975
-5.30093 -5.29702
-5.29102 -5.2965
-5.30307 -5.2963
-5.31421 -5.29586
-5.29657 -5.2955
-5.2915 -5.29514
-5.28926 -5.29475
-5.29518 -5.29457
-5.28485 -5.29382
-5.29845 -5.29341
-5.27042 -5.29282
-5.2862 -5.29235
-5.27119 -5.2916
-5.27562 -5.29085
-5.28842 -5.29034
-5.28432 -5.28985
-5.27088 -5.28898
-5.29946 -5.28759
-5.28024 -5.28692
-5.3061 -5.28575
-5.27768 -5.28509
-5.29378 -5.285
-5.27645 -5.28398
-5.27552 -5.28292
-5.27916 -5.28204
-5.27213 -5.28147
-5.2782 -5.28038
-5.2727 -5.2796
-5.27224 -5.27906
-5.27383 -5.27755
-5.27721 -5.27671
-5.27502 -5.27627
-5.29473 -5.27534
-5.28354 -5.27419
-5.26946 -5.27273
-5.26948 -5.27141
-5.27154 -5.2709
-5.26868 -5.27015
-5.28556 -5.26929
-5.26725 -5.26802
-5.27292 -5.26743
-5.27375 -5.26688
-5.2596 -5.266
-5.25839 -5.26545
-5.30558 -5.26482
-5.25531 -5.26426
-5.26091 -5.26342
-5.25184 -5.26308
-5.26246 -5.26251
-5.27541 -5.26196
-5.26365 -5.2615
-5.25445 -5.26112
-5.2536 -5.26079
-5.24932 -5.26005
-5.26297 -5.25976
-5.26488 -5.25944
-5.25468 -5.25908
-5.25707 -5.25873
-5.25344 -5.25824
-5.25285 -5.25778
-5.26453 -5.25763
-5.25324 -5.25724
-5.25849 -5.25702
-5.25021 -5.25671
-5.25446 -5.25644
-5.25562 -5.25599
-5.24978 -5.25562
-5.24664 -5.25541
-5.25356 -5.25509
-5.27145 -5.25469
-5.25066 -5.25434
-5.25732 -5.25413
-5.25145 -5.25384
-5.25268 -5.25348
-5.24992 -5.2533
-5.24831 -5.25312
-5.24468 -5.25253
-5.25195 -5.25218
-5.25101 -5.25195
-5.25827 -5.2517
-5.23135 -5.25101
-5.24629 -5.25051
-5.24649 -5.24996
-5.2567 -5.24963
-5.2574 -5.24935
-5.24242 -5.24904
-5.24533 -5.24866
-5.24607 -5.2481
-5.252 -5.2473
-5.25045 -5.24652
-5.25069 -5.24617
-5.25065 -5.2458
-5.24877 -5.24535
-5.25572 -5.24467
-5.25209 -5.24422
-5.25142 -5.2437
-5.242 -5.24271
-5.24875 -5.24241
-5.24256 -5.24206
-5.2491 -5.24163
-5.24247 -5.24097
-5.24402 -5.24049
-5.24455 -5.24033
-5.24607 -5.23999
-5.25352 -5.23949
-5.23603 -5.23906
-5.22854 -5.23859
-5.22937 -5.2379
-5.22778 -5.23724
-5.2462 -5.23644
-5.2237 -5.23586
-5.23964 -5.23525
-5.23688 -5.23468
-5.22058 -5.23396
-5.22799 -5.23341
-5.25676 -5.23282
-5.23256 -5.23195
-5.22036 -5.23139
-5.22601 -5.23089
-5.22813 -5.23061
-5.2433 -5.23019
-5.2289 -5.22982
-5.22147 -5.22957
-5.21577 -5.22897
-5.21333 -5.2287
-5.24881 -5.22835
-5.23506 -5.22799
-5.22148 -5.22754
-5.22523 -5.22713
-5.22203 -5.22688
-5.22074 -5.22618
-5.22489 -5.2259
-5.22223 -5.22552
-5.22443 -5.22517
-5.22549 -5.22472
-5.21489 -5.22443
-5.21578 -5.22414
-5.22816 -5.22323
-5.22217 -5.22296
-5.22181 -5.22234
-5.22599 -5.22183
-5.22518 -5.2213
-5.2186 -5.2206
-5.22158 -5.2202
-5.22315 -5.21982
-5.22148 -5.21928
-5.21932 -5.21859
-5.21217 -5.21787
-5.21582 -5.21727
-5.21351 -5.21671
-5.23235 -5.21603
-5.21774 -5.21561
-5.21201 -5.21521
-5.21081 -5.21466
-5.21596 -5.21437
-5.22974 -5.21378
-5.20431 -5.2132
-5.21127 -5.21248
-5.22824 -5.21207
-5.18089 -5.21171
-5.21154 -5.21138
-5.20937 -5.21109
-5.20568 -5.21089
-5.20885 -5.2107
-5.21073 -5.21029
-5.23447 -5.20977
-5.20977 -5.20928
-5.20735 -5.20855
-5.21082 -5.20792
-5.22387 -5.20683
-5.20458 -5.2064
-5.19947 -5.20594
-5.20123 -5.20522
-5.21053 -5.20464
-5.19413 -5.20379
-5.20522 -5.20268
-5.19745 -5.2017
-5.20298 -5.20026
-5.19951 -5.19972
-5.19962 -5.19898
-5.20198 -5.19757
-5.20059 -5.19729
-5.19403 -5.19657
-5.20382 -5.19619
-5.20336 -5.19568
-5.19117 -5.19411
-5.18611 -5.19327
-5.19445 -5.19196
-5.19998 -5.19013
-5.19899 -5.18893
-5.17663 -5.1879
-5.21484 -5.18581
-5.17472 -5.1843
-5.19615 -5.183
-5.17281 -5.18105
-5.19028 -5.17831
-5.16925 -5.17615
-5.17665 -5.17526
-5.1731 -5.17378
-5.17057 -5.17268
-5.18425 -5.17168
-5.17409 -5.16954
-5.17164 -5.16902
-5.17849 -5.16835
-5.16248 -5.16724
-5.18435 -5.16665
-5.16799 -5.16502
-5.17984 -5.16404
-5.18689 -5.16219
-5.1651 -5.16119
-5.15523 -5.15954
-5.16685 -5.15846
-5.16142 -5.15703
-5.16226 -5.15595
-5.15744 -5.15458
-5.14418 -5.1532
-5.15182 -5.15228
-5.1457 -5.15111
-5.15759 -5.15067
-5.15302 -5.14958
-5.15035 -5.14856
-5.1448 -5.1479
-5.13893 -5.14638
-5.14709 -5.14467
-5.14416 -5.14355
-5.13974 -5.14217
-5.14381 -5.14127
-5.14632 -5.13982
-5.13483 -5.13783
-5.15089 -5.13664
-5.13259 -5.13479
-5.14355 -5.1331
-5.14648 -5.1313
-5.13374 -5.12986
-5.12426 -5.12859
-5.12931 -5.12731
-5.12358 -5.12479
-5.1216 -5.12363
-5.12383 -5.12059
-5.13198 -5.11727
-5.12669 -5.11387
-5.10098 -5.10906
-5.1315 -5.10491
-5.12198 -5.09857
-5.08658 -5.08515
-5.07879 -5.08128
-5.07611 -5.07706
-5.07841 -5.07373
-5.08424 -5.07038
-5.08069 -5.06819
-5.06794 -5.06501
-5.06266 -5.06253
-5.06205 -5.06059
-5.06091 -5.05937
-5.05589 -5.0585
-5.04792 -5.05643
-5.05832 -5.04927
-5.0695 -5.03925
-4.9822 -4.98298
-4.84146 -4.93223
-4.85064 -4.92004
-4.86224 -4.90159
-4.83526 -4.88326
-4.83713 -4.87116
-4.86839 -4.86127
-4.85118 -4.85409
-4.84852 -4.84874
-4.841 -4.84205
-4.82596 -4.83254
-4.82137 -4.82722
-4.8141 -4.82125
-4.78306 -4.81564
-4.8075 -4.81035
-4.80146 -4.80602
-4.8027 -4.80433
-4.79439 -4.80238
-4.79265 -4.79861
-4.79355 -4.79517
-4.78176 -4.79303
-4.78993 -4.79143
-4.79057 -4.78988
-4.80031 -4.78801
-4.78591 -4.78642
-4.78434 -4.78378
-4.7848 -4.78165
-4.77708 -4.77943
-4.77101 -4.7774
-4.77432 -4.77574
-4.76563 -4.77329
-4.76397 -4.77168
-4.77805 -4.76967
-4.76853 -4.76886
-4.77075 -4.76767
-4.77598 -4.76728
-4.76304 -4.76412
-4.76182 -4.76259
-4.75931 -4.76068
-4.75459 -4.75926
-4.75177 -4.75588
-4.74739 -4.75345
-4.74563 -4.75144
-4.74919 -4.75026
-4.75373 -4.74906
-4.74672 -4.74696
-4.74931 -4.74605
-4.73797 -4.74396
-4.73945 -4.74281
-4.73695 -4.74092
-4.74054 -4.7394
-4.73507 -4.73806
-4.72686 -4.73473
-4.72743 -4.73385
-4.73626 -4.7327
-4.73134 -4.73137
-4.73243 -4.73063
-4.7277 -4.72922
-4.73288 -4.72828
-4.72674 -4.72689
-4.73355 -4.72616
-4.72494 -4.72562
-4.73095 -4.72482
-4.72005 -4.72202
-4.71752 -4.72026
-4.71481 -4.71908
-4.71582 -4.71753
-4.72414 -4.71553
-4.71771 -4.71099
-4.71826 -4.70881
-4.70582 -4.70508
-4.70263 -4.70101
-4.69967 -4.69863
-4.69553 -4.69734
-4.69563 -4.69217
-4.69511 -4.68668
-4.68758 -4.68481
-4.68606 -4.68252
-4.67741 -4.68098
-4.6799 -4.68046
-4.67491 -4.67881
-4.67228 -4.67829
-4.67617 -4.67627
-4.67077 -4.67526
-4.6743 -4.67394
-4.6746 -4.67284
-4.66916 -4.67201
-4.67095 -4.67125
-4.67036 -4.66995
-4.66103 -4.66781
-4.67284 -4.66726
-4.65851 -4.66419
-4.66787 -4.6595
-4.66308 -4.65723
-4.65534 -4.65572
-4.65361 -4.65238
-4.65892 -4.65024
-4.64529 -4.64823
-4.62393 -4.64461
-4.63443 -4.64207
-4.63132 -4.64025
-4.64233 -4.63868
-4.64354 -4.63623
-4.62558 -4.63426
-4.62455 -4.63015
-4.61762 -4.61733
-4.58697 -4.59684
-4.57272 -4.57234
-4.55578 -4.56344
-4.55939 -4.5569
-4.55684 -4.55129
-4.54314 -4.54333
-4.51085 -4.52441
-4.50068 -4.51156
-4.48486 -4.49353
-4.46815 -4.48022
-4.47565 -4.47033
-4.46079 -4.46081
-4.44976 -4.45771
-4.45664 -4.44558
-4.43166 -4.44046
-4.43539 -4.43541
-4.4382 -4.41837
-4.38755 -4.40786
-4.39338 -4.39472
-4.36298 -4.37547
-4.36619 -4.36704
-4.36972 -4.35122
-4.34401 -4.34326
-4.32567 -4.33569
-4.32288 -4.32339
-4.28983 -4.30221
-4.25919 -4.25902
-4.21996 -4.21428
-4.1803 -4.17971
-4.13419 -4.11303
-4.05747 -4.06623
-4.01154 -4.00329
-3.85785 -3.88399
-3.8577 -3.86985
-3.87918 -3.86361
-3.85161 -3.85674
-3.81363 -3.83189
-3.78579 -3.80604
-3.77164 -3.78609
-3.75667 -3.77146
-3.7735 -3.75885
-3.71975 -3.72154
-3.71489 -3.69669
-3.68002 -3.68442
-3.65004 -3.64977
-3.58106 -3.59407
-3.55843 -3.56871
-3.51716 -3.53176
-3.55172 -3.52231
-3.49251 -3.50852
-3.4867 -3.4742
-3.45101 -3.45563
-3.4533 -3.43973
-3.40082 -3.43257
-3.38183 -3.3988
-3.38619 -3.36389
-3.33846 -3.3437
-3.2827 -3.27093
-3.13654 -3.13776
-3.07365 -3.07593
-3.03631 -3.01339
-2.93871 -2.9512
-2.87448 -2.86702
-2.54304 -2.57256
-2.36431 -2.36388
-2.26704 -2.24902
-2.18554 -2.18775
-2.11591 -2.1141
-2.03147 -2.05855
-2.00854 -2.01782
-1.96773 -1.94987
-1.89479 -1.89152
-1.80652 -1.82158
-1.68692 -1.6819
-1.62098 -1.60542
-1.52608 -1.52904
-1.47286 -1.46662
-1.45126 -1.44614
-1.39846 -1.41454
-1.3834 -1.37931
-1.3706 -1.36337
-1.36166 -1.34537
-1.31986 -1.32446
-1.32046 -1.3152
-1.30021 -1.29814
-1.28691 -1.28621
-1.28329 -1.28109
-1.25881 -1.26602
-1.25325 -1.25366
-1.2491 -1.24577
-1.232 -1.231
-1.21738 -1.2233
-1.2152 -1.21055
-1.18921 -1.19563
-1.19054 -1.18758
-1.18137 -1.17702
-1.17381 -1.17104
-1.15595 -1.15878
-1.15051 -1.14963
-1.14056 -1.14421
-1.13846 -1.13861
-1.13099 -1.12616
-1.12393 -1.11657
-1.10057 -1.10462
-1.1075 -1.09897
-1.06128 -1.0903
-1.10275 -1.08237
-1.07201 -1.07449
-1.07386 -1.06846
-1.04856 -1.05765
-1.04025 -1.04378
-1.03601 -1.03158
-1.02068 -1.01983
-1.01304 -1.01098
-1.00295 -1.00144
-0.955758 -0.993319
-1.00477 -0.982358
-0.979178 -0.978371
-0.967196 -0.96395
-0.953305 -0.955715
-0.948192 -0.940182
-0.929163 -0.924083
-0.912858 -0.908216
-0.901115 -0.892165
-0.876275 -0.870285
-0.868938 -0.860016
-0.837034 -0.846554
-0.828356 -0.828914
-0.819531 -0.812827
-0.787384 -0.787047
-0.760991 -0.764706
-0.717722 -0.720411
-0.71219 -0.698005
-0.664331 -0.670719
-0.646904 -0.634795
-0.55822 -0.554541
-0.29226 -0.293173
-6.20253 -6.201
-6.14428 -6.15694
-6.13535 -6.14433
-6.12493 -6.12404
-6.09378 -6.09696
-6.04553 -6.06837
-6.05254 -6.04772
-6.01758 -6.02254
-5.95721 -6.01432
-5.99579 -6.00216
-5.99126 -5.98756
-5.97672 -5.97828
-5.96264 -5.96414
-5.96436 -5.96165
-5.94342 -5.95108
-5.94255 -5.93925
-5.93257 -5.92778
-5.88764 -5.92111
-5.90961 -5.90854
-5.89993 -5.89535
-5.89561 -5.88564
-5.87622 -5.87938
-5.8803 -5.87376
-5.86506 -5.86538
-5.84846 -5.84943
-5.84999 -5.83854
-5.84127 -5.82758
-5.81772 -5.82274
-5.81647 -5.81078
-5.80099 -5.79673
-5.7893 -5.78645
-5.78028 -5.77152
-5.76384 -5.76203
-5.74885 -5.75374
-5.75003 -5.74977
-5.73614 -5.73213
-5.7144 -5.7232
-5.72705 -5.71291
-5.69619 -5.70466
-5.6925 -5.69433
-5.68657 -5.68871
-5.67976 -5.68089
-5.68626 -5.67427
-5.66612 -5.66434
-5.6644 -5.65294
-5.61602 -5.62446
-5.61387 -5.61571
-5.60493 -5.60916
-5.59278 -5.59905
-5.59161 -5.59588
-5.56732 -5.58993
-5.55928 -5.5784
-5.57266 -5.56433
-5.55467 -5.55488
-5.53155 -5.54349
-5.54106 -5.54074
-5.53016 -5.53703
-5.53617 -5.53255
-5.51575 -5.52546
-5.50524 -5.51801
-5.50887 -5.51052
-5.53952 -5.50537
-5.48106 -5.49997
-5.48623 -5.49594
-5.48354 -5.4912
-5.48718 -5.48819
-5.47981 -5.48631
-5.48337 -5.48415
-5.47551 -5.48182
-5.46244 -5.47977
-5.47183 -5.47642
-5.44942 -5.47198
-5.46187 -5.46849
-5.46615 -5.46599
-5.46751 -5.46402
-5.4628 -5.46251
-5.45857 -5.46105
-5.45936 -5.45871
-5.45958 -5.45689
-5.45464 -5.4559
-5.45091 -5.45328
-5.44247 -5.45044
-5.46509 -5.44838
-5.44237 -5.4466
-5.43972 -5.44462
-5.4272 -5.44251
-5.42649 -5.44064
-5.42179 -5.43935
-5.4379 -5.4381
-5.42095 -5.4367
-5.43202 -5.43553
-5.4344 -5.43409
-5.4259 -5.4328
-5.44415 -5.43057
-5.42423 -5.42928
-5.42684 -5.42829
-5.4181 -5.42703
-5.4258 -5.42628
-5.41643 -5.42584
-5.41835 -5.42517
-5.42019 -5.42435
-5.41795 -5.42315
-5.42056 -5.42265
-5.41489 -5.42216
-5.40978 -5.42002
-5.40808 -5.41937
-5.4083 -5.41896
-5.40864 -5.41821
-5.40678 -5.41722
-5.40586 -5.41632
-5.42638 -5.41554
-5.40507 -5.41443
-5.41618 -5.4137
-5.4018 -5.41229
-5.41441 -5.41114
-5.40968 -5.41042
-5.40839 -5.4082
-5.39971 -5.40738
-5.39895 -5.40618
-5.40035 -5.40447
-5.40767 -5.40233
-5.39132 -5.40067
-5.36072 -5.39942
-5.38588 -5.39786
-5.39591 -5.39682
-5.40332 -5.39573
-5.37091 -5.39513
-5.39279 -5.39366
-5.40321 -5.39307
-5.3917 -5.39181
-5.38951 -5.39048
-5.38399 -5.38947
-5.35734 -5.38906
-5.39522 -5.38789
-5.38764 -5.38699
-5.37337 -5.38544
-5.38958 -5.38448
-5.38084 -5.38384
-5.3282 -5.38334
-5.38713 -5.38257
-5.39339 -5.38183
-5.38854 -5.38021
-5.38654 -5.3789
-5.34143 -5.37797
-5.38525 -5.37733
-5.38693 -5.37634
-5.37262 -5.37477
-5.37539 -5.37278
-5.38407 -5.37123
-5.32709 -5.36879
-5.36434 -5.36495
-5.36894 -5.36347
-5.35884 -5.36055
-5.35765 -5.35857
-5.2983 -5.35423
-5.35451 -5.35225
-5.34038 -5.34858
-5.35771 -5.3476
-5.34051 -5.34427
-5.34321 -5.34108
-5.35622 -5.33988
-5.33722 -5.33824
-5.34004 -5.33693
-5.3332 -5.33483
-5.318 -5.33277
-5.32277 -5.32931
-5.34096 -5.3275
-5.34341 -5.32595
-5.31946 -5.32373
-5.32444 -5.32009
-5.3238 -5.31806
-5.30689 -5.31603
-5.32276 -5.31427
-5.29056 -5.31361
-5.30581 -5.31239
-5.32588 -5.31106
-5.3523 -5.31032
-5.3203 -5.30945
-5.29946 -5.30904
-5.30082 -5.30818
-5.29404 -5.30769
-5.29565 -5.30731
-5.30075 -5.30694
-5.29817 -5.30605
-5.30194 -5.3056
-5.29721 -5.30499
-5.30129 -5.30456
-5.27256 -5.30407
-5.30154 -5.30397
-5.29993 -5.30341
-5.29378 -5.30321
-5.30372 -5.30274
-5.29023 -5.30245
-5.29755 -5.30214
-5.2922 -5.30165
-5.29566 -5.30117
-5.29322 -5.3008
-5.2921 -5.3006
-5.28701 -5.30045
-5.29778 -5.30028
-5.29835 -5.30005
-5.2966 -5.29968
-5.29214 -5.29934
-5.29229 -5.29911
-5.3072 -5.29889
-5.28812 -5.29868
-5.28992 -5.29833
-5.3027 -5.29785
-5.29029 -5.29765
-5.29128 -5.29749
-5.29252 -5.297
-5.28775 -5.29645
-5.2866 -5.29614
-5.29094 -5.29576
-5.29374 -5.2953
-5.28886 -5.29504
-5.28925 -5.29475
-5.29067 -5.2944
-5.28528 -5.29379
-5.27979 -5.29339
-5.28684 -5.29279
-5.29169 -5.29229
-5.28364 -5.29157
-5.2879 -5.29075
-5.28834 -5.29026
-5.28751 -5.28959
-5.28542 -5.28881
-5.27459 -5.28739
-5.30526 -5.28676
-5.2996 -5.28556
-5.27341 -5.28509
-5.28966 -5.28471
-5.27189 -5.28385
-5.29974 -5.2829
-5.26951 -5.28198
-5.27843 -5.28132
-5.27669 -5.28024
-5.28981 -5.2795
-5.30007 -5.27891
-5.29935 -5.27754
-5.28093 -5.27664
-5.28051 -5.27607
-5.28306 -5.27533
-5.27373 -5.27416
-5.26344 -5.27263
-5.26466 -5.27123
-5.27351 -5.27082
-5.26853 -5.26995
-5.27922 -5.26912
-5.27069 -5.26794
-5.25805 -5.26731
-5.2677 -5.26668
-5.26683 -5.26598
-5.2627 -5.26526
-5.26284 -5.26475
-5.27254 -5.26396
-5.25974 -5.26341
-5.26381 -5.26304
-5.26284 -5.26245
-5.28698 -5.26192
-5.26384 -5.26149
-5.26091 -5.26111
-5.25698 -5.26053
-5.27029 -5.26001
-5.25766 -5.25976
-5.26311 -5.25933
-5.25555 -5.25889
-5.25633 -5.25871
-5.2587 -5.25809
-5.24939 -5.25774
-5.26934 -5.25748
-5.25028 -5.25723
-5.25166 -5.257
-5.25928 -5.25669
-5.25052 -5.2564
-5.26384 -5.25598
-5.25276 -5.25559
-5.25538 -5.25536
-5.26437 -5.25505
-5.25338 -5.25466
-5.25236 -5.25427
-5.25072 -5.25411
-5.2622 -5.25381
-5.25168 -5.25345
-5.24555 -5.2533
-5.24452 -5.25309
-5.25137 -5.25252
-5.24544 -5.25216
-5.25425 -5.25184
-5.24231 -5.25159
-5.24665 -5.25094
-5.25141 -5.25026
-5.24622 -5.24992
-5.25272 -5.24962
-5.25515 -5.24912
-5.2483 -5.24903
-5.25467 -5.2485
-5.25664 -5.24805
-5.24837 -5.24706
-5.25045 -5.24652
-5.25069 -5.24617
-5.23953 -5.24574
-5.24691 -5.24518
-5.25161 -5.24461
-5.24507 -5.2441
-5.24177 -5.2436
-5.23685 -5.24268
-5.24875 -5.24241
-5.23569 -5.24205
-5.21678 -5.24157
-5.24663 -5.24096
-5.21573 -5.24044
-5.24107 -5.24011
-5.24372 -5.23997
-5.24169 -5.23947
-5.24206 -5.23902
-5.23913 -5.23857
-5.24236 -5.23789
-5.23286 -5.23723
-5.22991 -5.23641
-5.23577 -5.23572
-5.23664 -5.23523
-5.23244 -5.2344
-5.23218 -5.23395
-5.22728 -5.2332
-5.22446 -5.23277
-5.2321 -5.23191
-5.23268 -5.23138
-5.21747 -5.23084
-5.22609 -5.23058
-5.21698 -5.23006
-5.21931 -5.22977
-5.23451 -5.22956
-5.23098 -5.22896
-5.23738 -5.22865
-5.2261 -5.22831
-5.22754 -5.22794
-5.22254 -5.22753
-5.22176 -5.22708
-5.21472 -5.2266
-5.23701 -5.22616
-5.21877 -5.22584
-5.23209 -5.22549
-5.22798 -5.22506
-5.21702 -5.22464
-5.22575 -5.2244
-5.23018 -5.22413
-5.21697 -5.22322
-5.22731 -5.22284
-5.21941 -5.22231
-5.22324 -5.22182
-5.22001 -5.22122
-5.21216 -5.22059
-5.22728 -5.2202
-5.21142 -5.21981
-5.22129 -5.21924
-5.22892 -5.21858
-5.22827 -5.21774
-5.20997 -5.21708
-5.21162 -5.21671
-5.21545 -5.21593
-5.22232 -5.21559
-5.20981 -5.21504
-5.20584 -5.21463
-5.21746 -5.21423
-5.20671 -5.21367
-5.2104 -5.2131
-5.2105 -5.21246
-5.20698 -5.21199
-5.21003 -5.21167
-5.21347 -5.21133
-5.22097 -5.21104
-5.20906 -5.21089
-5.2101 -5.21064
-5.21135 -5.21026
-5.20301 -5.20963
-5.21237 -5.20919
-5.20772 -5.20847
-5.19874 -5.20748
-5.20196 -5.20682
-5.21815 -5.20627
-5.21573 -5.20585
-5.20699 -5.2051
-5.19464 -5.20455
-5.19917 -5.20359
-5.20217 -5.20258
-5.20011 -5.20155
-5.20236 -5.20011
-5.20644 -5.19969
-5.20171 -5.19886
-5.19827 -5.19751
-5.20314 -5.19715
-5.19546 -5.19645
-5.19811 -5.19607
-5.19509 -5.19559
-5.21593 -5.19394
-5.19086 -5.19292
-5.1926 -5.19178
-5.18247 -5.18988
-5.18197 -5.18892
-5.17914 -5.18739
-5.2038 -5.18564
-5.1928 -5.18406
-5.20143 -5.1827
-5.18499 -5.18093
-5.19914 -5.1783
-5.1886 -5.176
-5.16946 -5.17458
-5.1742 -5.17371
-5.18823 -5.17262
-5.18063 -5.17118
-5.16644 -5.16945
-5.1649 -5.16891
-5.16485 -5.16814
-5.16442 -5.16713
-5.16879 -5.16651
-5.16923 -5.16481
-5.16684 -5.16401
-5.17603 -5.16216
-5.1611 -5.16066
-5.15451 -5.15945
-5.12878 -5.15839
-5.14698 -5.15703
-5.14865 -5.15577
-5.15476 -5.15449
-5.15302 -5.15311
-5.15296 -5.15219
-5.12884 -5.151
-5.13631 -5.15065
-5.14187 -5.14946
-5.15551 -5.14855
-5.15249 -5.14749
-5.15038 -5.14584
-5.14589 -5.14465
-5.16604 -5.14354
-5.14861 -5.14203
-5.1501 -5.14112
-5.13766 -5.13976
-5.14658 -5.13754
-5.13405 -5.13635
-5.13005 -5.13477
-5.13886 -5.13309
-5.12589 -5.13119
-5.12917 -5.12919
-5.11899 -5.12827
-5.11263 -5.12662
-5.12298 -5.12461
-5.11793 -5.12279
-5.12239 -5.11956
-5.11868 -5.11644
-5.11331 -5.11361
-5.11054 -5.10876
-5.10947 -5.10359
-5.13145 -5.09463
-5.0668 -5.08509
-5.07992 -5.08083
-5.06478 -5.07609
-5.074 -5.07213
-5.07037 -5.07023
-5.06617 -5.06789
-5.06776 -5.06495
-5.06346 -5.06228
-5.05792 -5.06045
-5.0618 -5.05915
-5.10331 -5.05837
-5.0586 -5.05636
-5.04918 -5.04789
-5.09109 -5.03827
-4.97549 -4.97795
-4.84196 -4.93094
-4.91218 -4.91451
-4.82346 -4.89667
-4.88058 -4.88307
-4.853 -4.86834
-4.84851 -4.86067
-4.85012 -4.8528
-4.84698 -4.8481
-4.83269 -4.84159
-4.841 -4.83132
-4.82346 -4.82721
-4.81923 -4.82001
-4.81186 -4.81421
-4.80479 -4.81018
-4.80032 -4.80569
-4.7826 -4.80422
-4.80041 -4.80186
-4.78518 -4.79858
-4.79326 -4.79513
-4.79149 -4.79301
-4.78839 -4.79089
-4.78628 -4.78957
-4.78573 -4.7879
-4.78695 -4.78639
-4.782 -4.78371
-4.78069 -4.78157
-4.78033 -4.77936
-4.77525 -4.77688
-4.781 -4.77562
-4.77089 -4.77309
-4.76955 -4.77155
-4.76884 -4.76957
-4.76896 -4.76867
-4.76922 -4.7676
-4.76491 -4.76663
-4.75615 -4.76408
-4.75748 -4.76251
-4.75659 -4.76041
-4.75857 -4.75922
-4.7544 -4.75564
-4.75359 -4.75342
-4.74977 -4.75124
-4.74993 -4.75011
-4.74216 -4.74892
-4.74713 -4.74689
-4.74239 -4.74552
-4.75581 -4.74387
-4.72877 -4.74277
-4.73922 -4.74059
-4.73338 -4.73938
-4.73311 -4.73791
-4.73426 -4.73445
-4.72566 -4.73379
-4.73034 -4.73241
-4.72563 -4.73127
-4.72974 -4.73029
-4.72857 -4.729
-4.72443 -4.72786
-4.72616 -4.72686
-4.72751 -4.72614
-4.71927 -4.7256
-4.7243 -4.72345
-4.72922 -4.72154
-4.72327 -4.72024
-4.71598 -4.71899
-4.71613 -4.71751
-4.70947 -4.71371
-4.69986 -4.71087
-4.71836 -4.70871
-4.70302 -4.70506
-4.70396 -4.70058
-4.68897 -4.6983
-4.70461 -4.69688
-4.68494 -4.6899
-4.67749 -4.68637
-4.68601 -4.68373
-4.67967 -4.68252
-4.68785 -4.68094
-4.68236 -4.68028
-4.68071 -4.67876
-4.66131 -4.67827
-4.67816 -4.6762
-4.67844 -4.67488
-4.68428 -4.67365
-4.67623 -4.67258
-4.67169 -4.67172
-4.67138 -4.67113
-4.67032 -4.66954
-4.67139 -4.6677
-4.66777 -4.66653
-4.6641 -4.66362
-4.6647 -4.65911
-4.66078 -4.65723
-4.66182 -4.65524
-4.65818 -4.65204
-4.65377 -4.64971
-4.64465 -4.64655
-4.6521 -4.6446
-4.63426 -4.64207
-4.64162 -4.64024
-4.64654 -4.63863
-4.63712 -4.63604
-4.63013 -4.63407
-4.63446 -4.62931
-4.61081 -4.60939
-4.58958 -4.58948
-4.5716 -4.57063
-4.55438 -4.56214
-4.56246 -4.55647
-4.55271 -4.54995
-4.53674 -4.53875
-4.52687 -4.52389
-4.50607 -4.5099
-4.49318 -4.49041
-4.46659 -4.47949
-4.45648 -4.46835
-4.45547 -4.46064
-4.43105 -4.45551
-4.43151 -4.44551
-4.44246 -4.43797
-4.43656 -4.43498
-4.42096 -4.41658
-4.41502 -4.40558
-4.3717 -4.39467
-4.34644 -4.37389
-4.33844 -4.3646
-4.35098 -4.35018
-4.35307 -4.34316
-4.34135 -4.33563
-4.30559 -4.32086
-4.29544 -4.30123
-4.23373 -4.25108
-4.18979 -4.20286
-4.15652 -4.15693
-4.12366 -4.10906
-4.03926 -4.06304
-3.98451 -3.97867
-3.90388 -3.8827
-3.86934 -3.86883
-3.85249 -3.86313
-3.86868 -3.85598
-3.84481 -3.81846
-3.79973 -3.80374
-3.77737 -3.78569
-3.7697 -3.77081
-3.76945 -3.75504
-3.72282 -3.71859
-3.70013 -3.69415
-3.68019 -3.68334
-3.64939 -3.643
-3.57841 -3.58288
-3.56484 -3.56386
-3.54301 -3.53141
-3.48609 -3.51908
-3.51164 -3.50262
-3.48916 -3.47408
-3.45147 -3.4546
-3.41974 -3.43968
-3.43411 -3.42651
-3.38002 -3.39665
-3.36421 -3.36365
-3.3734 -3.33616
-3.29559 -3.26492
-3.13221 -3.13724
-3.06245 -3.06969
-3.00214 -3.00199
-2.92859 -2.92867
-2.86638 -2.86248
-2.54876 -2.54764
-2.35712 -2.34191
-2.20592 -2.22799
-2.16229 -2.17969
-2.09312 -2.1108
-2.04562 -2.05551
-2.01832 -2.01068
-1.9298 -1.92513
-1.8827 -1.88334
-1.72502 -1.72987
-1.68576 -1.67661
-1.60574 -1.59207
-1.51346 -1.52187
-1.46208 -1.46306
-1.44109 -1.43949
-1.41432 -1.40907
-1.38755 -1.37918
-1.36091 -1.35964
-1.3453 -1.34314
-1.32292 -1.3242
-1.32285 -1.31372
-1.29043 -1.29793
-1.28859 -1.28617
-1.28293 -1.28063
-1.26965 -1.26459
-1.25241 -1.25135
-1.23318 -1.24432
-1.23235 -1.23089
-1.22279 -1.22321
-1.21461 -1.20645
-1.19748 -1.19528
-1.1888 -1.18434
-1.17559 -1.1768
-1.17206 -1.1707
-1.15323 -1.15819
-1.13499 -1.14849
-1.14707 -1.14405
-1.14428 -1.13764
-1.14872 -1.12594
-1.10933 -1.11418
-1.12643 -1.10437
-1.09875 -1.0989
-1.09331 -1.08634
-1.08378 -1.08167
-1.07722 -1.07144
-1.06301 -1.06532
-1.06086 -1.05575
-1.04936 -1.04366
-0.998886 -1.03119
-1.02247 -1.01619
-1.01118 -1.01058
-1.00273 -1.00066
-0.992421 -0.990231
-0.996993 -0.982254
-0.975383 -0.973472
-0.962315 -0.962848
-0.95743 -0.953189
-0.898695 -0.935921
-0.915133 -0.920987
-0.912138 -0.907039
-0.880929 -0.887546
-0.855872 -0.870273
-0.850794 -0.859695
-0.856515 -0.846355
-0.820895 -0.827575
-0.811271 -0.81265
-0.77241 -0.778599
-0.756131 -0.754401
-0.723264 -0.715922
-0.696724 -0.685316
-0.668357 -0.669599
-0.61913 -0.615791
-0.543163 -0.546691
-0.247681 -0.236108
-6.1967 -6.19771
-6.15436 -6.1532
-6.14044 -6.14323
-6.11866 -6.12148
-6.0958 -6.09005
-6.08121 -6.06266
-6.03077 -6.03332
-6.02589 -6.0224
-5.98444 -6.01258
-6.00056 -5.9993
-5.96722 -5.98586
-5.97699 -5.97824
-5.95581 -5.96409
-5.96148 -5.95787
-5.95086 -5.9482
-5.93386 -5.93366
-5.92975 -5.92676
-5.91454 -5.92062
-5.9174 -5.90819
-5.88755 -5.89482
-5.88227 -5.88531
-5.8847 -5.87886
-5.88839 -5.8734
-5.8827 -5.86467
-5.86894 -5.84815
-5.8442 -5.83771
-5.82683 -5.82642
-5.82367 -5.8226
-5.8244 -5.81065
-5.79007 -5.79559
-5.77866 -5.78215
-5.76645 -5.76951
-5.76282 -5.76106
-5.74925 -5.75371
-5.74557 -5.74852
-5.74485 -5.73079
-5.71763 -5.72223
-5.71431 -5.7101
-5.70758 -5.70412
-5.69111 -5.69146
-5.68635 -5.68642
-5.66502 -5.68056
-5.66872 -5.67349
-5.66655 -5.66243
-5.64575 -5.64941
-5.64781 -5.62384
-5.61949 -5.61435
-5.59266 -5.60707
-5.59399 -5.59888
-5.58651 -5.5955
-5.59665 -5.58901
-5.58592 -5.57582
-5.54363 -5.5638
-5.5447 -5.5525
-5.54096 -5.54284
-5.53453 -5.54069
-5.51229 -5.53584
-5.52649 -5.53171
-5.51696 -5.52466
-5.51759 -5.51593
-5.50312 -5.50942
-5.49558 -5.5038
-5.49917 -5.49993
-5.48279 -5.49527
-5.48398 -5.49102
-5.48223 -5.48794
-5.47868 -5.4859
-5.47431 -5.48399
-5.48058 -5.48177
-5.47432 -5.47955
-5.4684 -5.4758
-5.47306 -5.47122
-5.4581 -5.46782
-5.46367 -5.46597
-5.46991 -5.46355
-5.46347 -5.46223
-5.4673 -5.46016
-5.4758 -5.45857
-5.45025 -5.45685
-5.45883 -5.4553
-5.45612 -5.45246
-5.47733 -5.44984
-5.43714 -5.44807
-5.42977 -5.44625
-5.44562 -5.44412
-5.43709 -5.44245
-5.43768 -5.44047
-5.43773 -5.4392
-5.47452 -5.43809
-5.43497 -5.43666
-5.44352 -5.43495
-5.43847 -5.43321
-5.42818 -5.43256
-5.43188 -5.43053
-5.45756 -5.42913
-5.41877 -5.42829
-5.42535 -5.42694
-5.41063 -5.42628
-5.42411 -5.4258
-5.41853 -5.42515
-5.41533 -5.42434
-5.41451 -5.4231
-5.41346 -5.42246
-5.42888 -5.42103
-5.41889 -5.42
-5.41814 -5.41933
-5.41016 -5.41864
-5.41752 -5.41794
-5.40651 -5.41695
-5.42283 -5.41631
-5.4057 -5.41522
-5.40396 -5.4144
-5.40627 -5.4136
-5.39526 -5.41209
-5.39698 -5.41078
-5.41072 -5.41025
-5.41185 -5.40792
-5.40641 -5.40736
-5.4108 -5.40612
-5.40953 -5.40438
-5.40622 -5.40214
-5.38772 -5.40043
-5.4101 -5.39941
-5.3995 -5.39766
-5.39652 -5.39651
-5.39842 -5.39567
-5.33123 -5.39498
-5.40434 -5.39354
-5.39349 -5.39297
-5.39058 -5.39181
-5.39108 -5.39037
-5.39524 -5.38935
-5.39643 -5.38854
-5.39303 -5.38765
-5.39168 -5.38697
-5.3922 -5.38475
-5.38933 -5.38437
-5.39882 -5.38376
-5.3915 -5.38328
-5.39371 -5.38249
-5.4033 -5.38149
-5.37989 -5.3802
-5.38502 -5.37876
-5.38174 -5.37783
-5.38618 -5.37695
-5.39065 -5.37628
-5.38169 -5.37455
-5.37254 -5.37234
-5.36678 -5.37079
-5.37629 -5.36855
-5.36424 -5.36483
-5.36507 -5.36309
-5.32282 -5.3604
-5.35726 -5.35735
-5.34279 -5.35397
-5.34974 -5.35199
-5.33897 -5.34827
-5.35505 -5.34753
-5.35009 -5.34356
-5.34088 -5.34094
-5.34283 -5.33935
-5.35197 -5.33811
-5.34489 -5.33673
-5.33724 -5.33475
-5.33814 -5.33236
-5.33621 -5.32925
-5.3379 -5.32705
-5.32142 -5.32566
-5.33398 -5.32325
-5.31555 -5.32006
-5.30776 -5.31758
-5.31224 -5.31556
-5.31526 -5.31407
-5.3291 -5.3136
-5.30085 -5.31228
-5.31675 -5.31106
-5.30333 -5.31031
-5.29794 -5.30943
-5.3018 -5.30892
-5.30182 -5.30794
-5.30758 -5.30757
-5.3007 -5.30727
-5.30276 -5.30686
-5.29065 -5.30605
-5.3014 -5.30553
-5.29864 -5.30497
-5.2929 -5.30441
-5.29507 -5.30405
-5.29759 -5.30394
-5.29858 -5.30335
-5.2997 -5.30311
-5.29066 -5.30264
-5.29858 -5.30233
-5.29481 -5.30212
-5.2924 -5.30161
-5.30134 -5.30116
-5.29476 -5.30074
-5.29376 -5.30058
-5.28453 -5.30043
-5.2965 -5.30027
-5.29654 -5.30004
-5.29116 -5.29965
-5.2933 -5.29931
-5.28926 -5.29909
-5.29018 -5.29888
-5.29977 -5.29864
-5.29488 -5.29819
-5.30028 -5.29781
-5.28298 -5.29765
-5.23211 -5.29729
-5.28973 -5.29693
-5.29106 -5.29644
-5.28301 -5.29608
-5.29515 -5.29574
-5.28863 -5.29527
-5.28889 -5.29499
-5.28925 -5.29475
-5.27902 -5.29433
-5.28839 -5.29377
-5.29017 -5.29304
-5.2888 -5.2927
-5.28704 -5.29216
-5.28322 -5.29155
-5.27658 -5.29074
-5.29658 -5.29025
-5.30656 -5.28946
-5.25801 -5.28858
-5.29078 -5.28736
-5.27422 -5.28658
-5.27888 -5.28549
-5.27006 -5.28506
-5.28026 -5.28465
-5.29095 -5.28364
-5.284 -5.28278
-5.27725 -5.28194
-5.28036 -5.28095
-5.28161 -5.28021
-5.27428 -5.27947
-5.28096 -5.27888
-5.28921 -5.27724
-5.28768 -5.27657
-5.27376 -5.27605
-5.27123 -5.2753
-5.29511 -5.27407
-5.27223 -5.27244
-5.26941 -5.27122
-5.27039 -5.2708
-5.27122 -5.26972
-5.26464 -5.2691
-5.27115 -5.2678
-5.27365 -5.26721
-5.31494 -5.26666
-5.25999 -5.26592
-5.2653 -5.26519
-5.26298 -5.26465
-5.26336 -5.26388
-5.2552 -5.26322
-5.26709 -5.26286
-5.25377 -5.26245
-5.322 -5.26178
-5.2689 -5.26141
-5.25903 -5.26105
-5.26146 -5.2603
-5.26018 -5.26001
-5.26489 -5.25975
-5.25555 -5.25925
-5.25567 -5.25887
-5.26104 -5.25867
-5.25292 -5.25806
-5.25933 -5.25773
-5.25433 -5.25742
-5.25414 -5.25718
-5.25297 -5.257
-5.25539 -5.25669
-5.24968 -5.25639
-5.25069 -5.25586
-5.2638 -5.25552
-5.25326 -5.25533
-5.27732 -5.25501
-5.24894 -5.25458
-5.26124 -5.25427
-5.25038 -5.2541
-5.24633 -5.25381
-5.27843 -5.25345
-5.24979 -5.25329
-5.24799 -5.25301
-5.24904 -5.2525
-5.25449 -5.25216
-5.24844 -5.25182
-5.24136 -5.25151
-5.26087 -5.25091
-5.25182 -5.25008
-5.2513 -5.24984
-5.24757 -5.2496
-5.24928 -5.2491
-5.23786 -5.24903
-5.24273 -5.24844
-5.25119 -5.24785
-5.24105 -5.24704
-5.24799 -5.24651
-5.25069 -5.24617
-5.24353 -5.24561
-5.24305 -5.24517
-5.24346 -5.24453
-5.24977 -5.24403
-5.24583 -5.24359
-5.24558 -5.24253
-5.24679 -5.24239
-5.241 -5.24204
-5.24536 -5.24154
-5.23306 -5.24095
-5.24641 -5.24043
-5.2313 -5.24011
-5.25608 -5.23982
-5.24285 -5.23937
-5.24563 -5.23897
-5.22772 -5.23848
-5.2348 -5.23771
-5.26242 -5.23705
-5.23362 -5.23625
-5.23993 -5.23572
-5.22732 -5.23523
-5.2356 -5.23436
-5.22337 -5.23393
-5.23246 -5.23316
-5.24269 -5.23264
-5.22527 -5.23189
-5.22749 -5.23135
-5.22251 -5.23083
-5.22953 -5.23055
-5.22965 -5.23005
-5.22505 -5.22967
-5.23039 -5.22938
-5.23229 -5.22892
-5.21645 -5.22864
-5.2296 -5.22825
-5.21755 -5.22785
-5.21595 -5.22737
-5.2271 -5.22708
-5.22402 -5.22648
-5.22306 -5.22611
-5.23093 -5.22577
-5.22328 -5.22548
-5.2216 -5.22503
-5.24019 -5.22453
-5.21937 -5.2244
-5.22327 -5.22394
-5.21872 -5.22322
-5.22425 -5.2228
-5.22808 -5.22228
-5.21673 -5.22166
-5.22569 -5.22116
-5.2165 -5.22059
-5.22451 -5.2201
-5.22354 -5.21967
-5.22029 -5.2191
-5.21696 -5.21848
-5.20952 -5.21765
-5.23441 -5.21699
-5.2161 -5.21654
-5.21673 -5.21592
-5.21931 -5.21545
-5.21557 -5.21501
-5.21943 -5.21456
-5.21155 -5.21423
-5.20741 -5.21365
-5.23909 -5.21308
-5.20674 -5.21239
-5.20613 -5.21193
-5.20987 -5.21166
-5.2092 -5.21124
-5.2088 -5.211
-5.21212 -5.21083
-5.2082 -5.21062
-5.21728 -5.2101
-5.21627 -5.20959
-5.19738 -5.20907
-5.20628 -5.20834
-5.20309 -5.2073
-5.20505 -5.20679
-5.22468 -5.20619
-5.20835 -5.20572
-5.19594 -5.20508
-5.2007 -5.20446
-5.20276 -5.2035
-5.19746 -5.20217
-5.20252 -5.20125
-5.20064 -5.20002
-5.20644 -5.19969
-5.1949 -5.19878
-5.1993 -5.19751
-5.19381 -5.19706
-5.19722 -5.19641
-5.19499 -5.19604
-5.21614 -5.19556
-5.19282 -5.19369
-5.19493 -5.19287
-5.1916 -5.19161
-5.19681 -5.18956
-5.18887 -5.18891
-5.18435 -5.18733
-5.19765 -5.18554
-5.1802 -5.18394
-5.1772 -5.1823
-5.18674 -5.18032
-5.19034 -5.17775
-5.18943 -5.1758
-5.1892 -5.17447
-5.18032 -5.17333
-5.1886 -5.17261
-5.16838 -5.17069
-5.15801 -5.16934
-5.16457 -5.16882
-5.16841 -5.16809
-5.16575 -5.1669
-5.16929 -5.16619
-5.17853 -5.16468
-5.16832 -5.16398
-5.15955 -5.16189
-5.16159 -5.16057
-5.16704 -5.15937
-5.16353 -5.15829
-5.15779 -5.15675
-5.1502 -5.15572
-5.15913 -5.15416
-5.16436 -5.15307
-5.16657 -5.15205
-5.15232 -5.15099
-5.15695 -5.15032
-5.15236 -5.14928
-5.14405 -5.14855
-5.14691 -5.14712
-5.1571 -5.14555
-5.1257 -5.14456
-5.14236 -5.14314
-5.13353 -5.14196
-5.13699 -5.14111
-5.15348 -5.13932
-5.149 -5.13714
-5.12977 -5.1361
-5.1301 -5.13435
-5.13869 -5.13267
-5.13028 -5.13106
-5.12912 -5.12916
-5.14059 -5.12813
-5.12375 -5.12656
-5.12444 -5.12451
-5.11955 -5.12204
-5.11251 -5.11931
-5.13757 -5.11608
-5.12428 -5.1136
-5.12488 -5.10823
-5.09472 -5.10211
-5.09097 -5.09324
-5.09396 -5.08355
-5.12488 -5.08003
-5.08193 -5.0754
-5.07264 -5.07201
-5.07969 -5.06939
-5.06859 -5.06681
-5.06656 -5.0635
-5.06137 -5.0615
-5.10318 -5.05971
-5.05709 -5.05889
-5.06053 -5.05833
-5.06025 -5.0563
-5.04921 -5.04708
-5.01637 -5.00716
-4.96524 -4.95062
-4.88504 -4.92787
-4.90958 -4.91201
-4.85588 -4.89623
-4.86636 -4.87581
-4.69996 -4.86824
-4.86539 -4.85992
-4.8586 -4.85268
-4.85047 -4.84761
-4.83422 -4.83606
-4.8208 -4.83119
-4.81917 -4.82706
-4.77971 -4.81794
-4.80926 -4.81409
-4.80651 -4.80899
-4.79985 -4.8056
-4.7709 -4.8032
-4.79209 -4.8
-4.79626 -4.79759
-4.78242 -4.79436
-4.79019 -4.79257
-4.78858 -4.79071
-4.78745 -4.78915
-4.78633 -4.78771
-4.78734 -4.78634
-4.77306 -4.7835
-4.78319 -4.78146
-4.77416 -4.77906
-4.79434 -4.77682
-4.77774 -4.77518
-4.77084 -4.773
-4.76904 -4.77144
-4.77033 -4.76952
-4.76621 -4.76866
-4.76012 -4.76753
-4.7578 -4.76624
-4.76305 -4.76402
-4.76075 -4.7624
-4.75923 -4.76029
-4.75675 -4.7588
-4.75698 -4.7556
-4.76268 -4.75286
-4.75144 -4.75121
-4.74525 -4.74962
-4.74873 -4.74844
-4.74878 -4.74672
-4.73699 -4.74531
-4.75434 -4.74378
-4.73709 -4.74259
-4.73802 -4.74032
-4.72881 -4.73937
-4.73396 -4.73736
-4.73751 -4.73436
-4.73288 -4.73373
-4.74476 -4.73205
-4.7289 -4.73111
-4.72838 -4.73007
-4.72566 -4.72897
-4.72719 -4.72756
-4.72767 -4.72668
-4.72597 -4.7261
-4.72244 -4.72553
-4.72449 -4.72301
-4.72038 -4.72096
-4.71977 -4.71959
-4.71965 -4.71896
-4.71205 -4.71662
-4.72543 -4.71299
-4.71307 -4.71072
-4.72094 -4.70857
-4.71786 -4.70504
-4.69824 -4.70052
-4.69446 -4.69793
-4.70249 -4.69571
-4.6826 -4.68927
-4.69053 -4.68592
-4.68043 -4.68353
-4.68165 -4.68237
-4.67856 -4.68087
-4.69246 -4.68023
-4.67924 -4.6787
-4.68601 -4.67765
-4.67677 -4.67619
-4.68212 -4.6748
-4.67097 -4.67355
-4.67304 -4.67244
-4.67512 -4.67169
-4.6756 -4.67079
-4.66917 -4.66938
-4.6684 -4.66761
-4.6669 -4.66624
-4.66062 -4.66312
-4.66455 -4.65901
-4.65635 -4.65686
-4.66013 -4.65523
-4.63615 -4.65172
-4.65485 -4.64955
-4.64647 -4.64599
-4.65013 -4.64422
-4.64484 -4.64174
-4.64625 -4.63984
-4.63335 -4.63824
-4.64273 -4.63588
-4.636 -4.63274
-4.62503 -4.62807
-4.60351 -4.60711
-4.59708 -4.58884
-4.56714 -4.56892
-4.56786 -4.56162
-4.5569 -4.5564
-4.54851 -4.54875
-4.53083 -4.53697
-4.51382 -4.52205
-4.51603 -4.50955
-4.48505 -4.48828
-4.47915 -4.47938
-4.46747 -4.46767
-4.44963 -4.45995
-4.45701 -4.45343
-4.43468 -4.44417
-4.43693 -4.43781
-4.4237 -4.43201
-4.41842 -4.41594
-4.39365 -4.40213
-4.39826 -4.39308
-4.37627 -4.3734
-4.35542 -4.36417
-4.34828 -4.34907
-4.33818 -4.34284
-4.34296 -4.33414
-4.32555 -4.31978
-4.3004 -4.29617
-4.25238 -4.2507
-4.20052 -4.18876
-4.12436 -4.13574
-4.13417 -4.10343
-4.06632 -4.06269
-3.94997 -3.96663
-3.86967 -3.8765
-3.86371 -3.86765
-3.85702 -3.8619
-3.86132 -3.84826
-3.79489 -3.81666
-3.79517 -3.80208
-3.77266 -3.7832
-3.76565 -3.76896
-3.76581 -3.75371
-3.69341 -3.70875
-3.69097 -3.69208
-3.67646 -3.67719
-3.66024 -3.63808
-3.56031 -3.57988
-3.5649 -3.55655
-3.51774 -3.53091
-3.54132 -3.51784
-3.51555 -3.49698
-3.47588 -3.47407
-3.44948 -3.4527
-3.4555 -3.43928
-3.44731 -3.4231
-3.37613 -3.38005
-3.37043 -3.36281
-3.33899 -3.33575
-3.16041 -3.17614
-3.12973 -3.12747
-3.0596 -3.05359
-3.00549 -3.00082
-2.92694 -2.91954
-2.84919 -2.86209
-2.51753 -2.49916
-2.37182 -2.34187
-2.19862 -2.21304
-2.20858 -2.17682
-2.08658 -2.0997
-2.01407 -2.0447
-1.98857 -2.0048
-1.9227 -1.92499
-1.90214 -1.87816
-1.70671 -1.72476
-1.64526 -1.66834
-1.57841 -1.57084
-1.51328 -1.49585
-1.4547 -1.46039
-1.42254 -1.43495
-1.41034 -1.40825
-1.37681 -1.3769
-1.35813 -1.35792
-1.34533 -1.34271
-1.32427 -1.32405
-1.31241 -1.31247
-1.30726 -1.29761
-1.27854 -1.28515
-1.27955 -1.28059
-1.26364 -1.26095
-1.25017 -1.25076
-1.24135 -1.24379
-1.22748 -1.23015
-1.21794 -1.2158
-1.20188 -1.20326
-1.19546 -1.19373
-1.18857 -1.18214
-1.18843 -1.17588
-1.16945 -1.1686
-1.16759 -1.15784
-1.15333 -1.1467
-1.13521 -1.14372
-1.13349 -1.13698
-1.12147 -1.12552
-1.11983 -1.10995
-1.10959 -1.10333
-1.10173 -1.09803
-1.08722 -1.08587
-1.07749 -1.08165
-1.08174 -1.07068
-1.05804 -1.06509
-1.05926 -1.05298
-1.04705 -1.0406
-1.03653 -1.03102
-1.0178 -1.01598
-1.01485 -1.00945
-0.990183 -0.999907
-0.990568 -0.989183
-0.988491 -0.981876
-0.972658 -0.971938
-0.957824 -0.961503
-0.953408 -0.951848
-0.937098 -0.934793
-0.921435 -0.919614
-0.903776 -0.901721
-0.877741 -0.882616
-0.866407 -0.868032
-0.860059 -0.854163
-0.856532 -0.845903
-0.825673 -0.8264
-0.816442 -0.812212
-0.785013 -0.776259
-0.749907 -0.750542
-0.78143 -0.711821
-0.681736 -0.683879
-0.664521 -0.668013
-0.609793 -0.610481
-0.544078 -0.533086
-0.206499 -0.19792
